This file contains any messages produced by compilers while
running configure, to aid debugging if configure makes a mistake.

It was created by configure, which was
generated by GNU Autoconf 2.59.  Invocation command line was

  $ /home/cse4001/os161/toolbuild/binutils-2.17+os161-2.0.1/libiberty/configure --cache-file=./config.cache --build=x86_64-unknown-linux-gnu --host=x86_64-unknown-linux-gnu --target=mips-harvard-os161 --with-gnu-as --with-gnu-ld --with-stabs --nfp --disable-werror --disable-nls --prefix=/home/cse4001/os161/tools --program-transform-name=s,^,mips-harvard-os161-,;  --srcdir=.././libiberty

## --------- ##
## Platform. ##
## --------- ##

hostname = cse4001
uname -m = x86_64
uname -r = 3.13.0-32-generic
uname -s = Linux
uname -v = #57-Ubuntu SMP Tue Jul 15 03:51:08 UTC 2014

/usr/bin/uname -p = unknown
/bin/uname -X     = unknown

/bin/arch              = unknown
/usr/bin/arch -k       = unknown
/usr/convex/getsysinfo = unknown
hostinfo               = unknown
/bin/machine           = unknown
/usr/bin/oslevel       = unknown
/bin/universe          = unknown

PATH: /usr/local/sbin
PATH: /usr/local/bin
PATH: /usr/sbin
PATH: /usr/bin
PATH: /sbin
PATH: /bin
PATH: /usr/games
PATH: /usr/local/games
PATH: /home/cse4001/os161/tools/bin


## ----------- ##
## Core tests. ##
## ----------- ##

configure:1219: loading cache ./config.cache
configure:1384: checking whether to enable maintainer-specific portions of Makefiles
configure:1394: result: no
configure:1409: checking for makeinfo
configure:1435: result: /home/cse4001/os161/toolbuild/binutils-2.17+os161-2.0.1/missing makeinfo --split-size=5000000
configure:1450: WARNING:
*** Makeinfo is missing. Info documentation will not be built.
configure:1474: checking for perl
configure:1500: result: perl
configure:1520: checking build system type
configure:1538: result: x86_64-unknown-linux-gnu
configure:1546: checking host system type
configure:1560: result: x86_64-unknown-linux-gnu
configure:1573: checking for x86_64-unknown-linux-gnu-ar
configure:1599: result: ar
configure:1652: checking for x86_64-unknown-linux-gnu-ranlib
configure:1678: result: ranlib
configure:1739: checking for x86_64-unknown-linux-gnu-gcc
configure:1765: result: gcc
configure:2047: checking for C compiler version
configure:2050: gcc --version </dev/null >&5
gcc (Ubuntu 4.8.2-19ubuntu1) 4.8.2
Copyright (C) 2013 Free Software Foundation, Inc.
This is free software; see the source for copying conditions.  There is NO
warranty; not even for MERCHANTABILITY or FITNESS FOR A PARTICULAR PURPOSE.

configure:2053: $? = 0
configure:2055: gcc -v </dev/null >&5
Using built-in specs.
COLLECT_GCC=gcc
COLLECT_LTO_WRAPPER=/usr/lib/gcc/x86_64-linux-gnu/4.8/lto-wrapper
Target: x86_64-linux-gnu
Configured with: ../src/configure -v --with-pkgversion='Ubuntu 4.8.2-19ubuntu1' --with-bugurl=file:///usr/share/doc/gcc-4.8/README.Bugs --enable-languages=c,c++,java,go,d,fortran,objc,obj-c++ --prefix=/usr --program-suffix=-4.8 --enable-shared --enable-linker-build-id --libexecdir=/usr/lib --without-included-gettext --enable-threads=posix --with-gxx-include-dir=/usr/include/c++/4.8 --libdir=/usr/lib --enable-nls --with-sysroot=/ --enable-clocale=gnu --enable-libstdcxx-debug --enable-libstdcxx-time=yes --enable-gnu-unique-object --disable-libmudflap --enable-plugin --with-system-zlib --disable-browser-plugin --enable-java-awt=gtk --enable-gtk-cairo --with-java-home=/usr/lib/jvm/java-1.5.0-gcj-4.8-amd64/jre --enable-java-home --with-jvm-root-dir=/usr/lib/jvm/java-1.5.0-gcj-4.8-amd64 --with-jvm-jar-dir=/usr/lib/jvm-exports/java-1.5.0-gcj-4.8-amd64 --with-arch-directory=amd64 --with-ecj-jar=/usr/share/java/eclipse-ecj.jar --enable-objc-gc --enable-multiarch --disable-werror --with-arch-32=i686 --with-abi=m64 --with-multilib-list=m32,m64,mx32 --with-tune=generic --enable-checking=release --build=x86_64-linux-gnu --host=x86_64-linux-gnu --target=x86_64-linux-gnu
Thread model: posix
gcc version 4.8.2 (Ubuntu 4.8.2-19ubuntu1) 
configure:2058: $? = 0
configure:2060: gcc -V </dev/null >&5
gcc: error: unrecognized command line option '-V'
gcc: fatal error: no input files
compilation terminated.
configure:2063: $? = 4
configure:2082: gcc -o conftest -g -O2    conftest.c  >&5
configure:2085: $? = 0
configure:2119: checking for C compiler default output file name
configure:2122: gcc -g -O2    conftest.c  >&5
configure:2125: $? = 0
configure:2171: result: a.out
configure:2176: checking whether the C compiler works
configure:2182: ./a.out
configure:2185: $? = 0
configure:2202: result: yes
configure:2209: checking whether we are cross compiling
configure:2211: result: no
configure:2214: checking for suffix of executables
configure:2216: gcc -o conftest -g -O2    conftest.c  >&5
configure:2219: $? = 0
configure:2244: result: 
configure:2251: checking for suffix of object files
configure:2297: result: o
configure:2301: checking whether we are using the GNU C compiler
configure:2357: result: yes
configure:2363: checking whether gcc accepts -g
configure:2414: result: yes
configure:2431: checking for gcc option to accept ANSI C
configure:2538: result: none needed
configure:2556: gcc -c -g -O2   conftest.c >&5
conftest.c:2:3: error: unknown type name 'choke'
   choke me
   ^
conftest.c:2:3: error: expected '=', ',', ';', 'asm' or '__attribute__' at end of input
configure:2562: $? = 1
configure: failed program was:
| #ifndef __cplusplus
|   choke me
| #endif
configure:2700: checking how to run the C preprocessor
configure:2818: result: gcc -E
configure:2842: gcc -E  conftest.c
configure:2848: $? = 0
configure:2880: gcc -E  conftest.c
conftest.c:9:28: fatal error: ac_nonexistent.h: No such file or directory
 #include <ac_nonexistent.h>
                            ^
compilation terminated.
configure:2886: $? = 1
configure: failed program was:
| /* confdefs.h.  */
| 
| #define PACKAGE_NAME ""
| #define PACKAGE_TARNAME ""
| #define PACKAGE_VERSION ""
| #define PACKAGE_STRING ""
| #define PACKAGE_BUGREPORT ""
| /* end confdefs.h.  */
| #include <ac_nonexistent.h>
configure:2934: checking whether gcc accepts -Wc++-compat
configure:2982: result: yes
configure:2995: checking whether gcc and cc understand -c and -o together
configure:3072: result: yes
configure:3093: checking for an ANSI C-conforming const
configure:3190: result: yes
configure:3200: checking for inline
configure:3252: result: inline
configure:3271: checking whether byte ordering is bigendian
configure:3482: result: no
configure:3521: checking for a BSD-compatible install
configure:3576: result: /usr/bin/install -c
configure:3691: checking for sys/file.h
configure:3731: result: yes
configure:3691: checking for sys/param.h
configure:3731: result: yes
configure:3691: checking for limits.h
configure:3731: result: yes
configure:3691: checking for stdlib.h
configure:3731: result: yes
configure:3691: checking for malloc.h
configure:3731: result: yes
configure:3691: checking for string.h
configure:3731: result: yes
configure:3691: checking for unistd.h
configure:3731: result: yes
configure:3691: checking for strings.h
configure:3731: result: yes
configure:3691: checking for sys/time.h
configure:3731: result: yes
configure:3691: checking for time.h
configure:3731: result: yes
configure:3691: checking for sys/resource.h
configure:3731: result: yes
configure:3691: checking for sys/stat.h
configure:3731: result: yes
configure:3691: checking for sys/mman.h
configure:3731: result: yes
configure:3691: checking for fcntl.h
configure:3731: result: yes
configure:3691: checking for alloca.h
configure:3731: result: yes
configure:3691: checking for sys/pstat.h
configure:3731: result: no
configure:3691: checking for sys/sysmp.h
configure:3731: result: no
configure:3691: checking for sys/sysinfo.h
configure:3731: result: yes
configure:3691: checking for machine/hal_sysinfo.h
configure:3731: result: no
configure:3691: checking for sys/table.h
configure:3731: result: no
configure:3691: checking for sys/sysctl.h
configure:3731: result: yes
configure:3691: checking for sys/systemcfg.h
configure:3731: result: no
configure:3691: checking for stdint.h
configure:3731: result: yes
configure:3691: checking for stdio_ext.h
configure:3731: result: yes
configure:3741: checking for sys/wait.h that is POSIX.1 compatible
configure:3802: result: yes
configure:3812: checking whether time.h and sys/time.h may both be included
configure:3867: result: yes
configure:3878: checking whether errno must be declared
configure:3929: result: no
configure:3941: checking for egrep
configure:3951: result: grep -E
configure:3956: checking for ANSI C header files
configure:4112: result: yes
configure:4136: checking for sys/types.h
configure:4176: result: yes
configure:4136: checking for sys/stat.h
configure:4176: result: yes
configure:4136: checking for stdlib.h
configure:4176: result: yes
configure:4136: checking for string.h
configure:4176: result: yes
configure:4136: checking for memory.h
configure:4176: result: yes
configure:4136: checking for strings.h
configure:4176: result: yes
configure:4136: checking for inttypes.h
configure:4176: result: yes
configure:4136: checking for stdint.h
configure:4176: result: yes
configure:4136: checking for unistd.h
configure:4176: result: yes
configure:4187: checking for int
configure:4241: result: yes
configure:4244: checking size of int
configure:4594: result: 4
configure:4602: checking for uintptr_t
configure:4656: result: yes
configure:4670: checking for a 64-bit type
configure:4822: result: uint64_t
configure:4841: checking for pid_t
configure:4895: result: yes
configure:5915: checking for library containing strerror
configure:6044: result: none required
configure:6055: checking for asprintf
configure:6142: result: yes
configure:6055: checking for atexit
configure:6142: result: yes
configure:6055: checking for basename
configure:6142: result: yes
configure:6055: checking for bcmp
configure:6142: result: yes
configure:6055: checking for bcopy
configure:6142: result: yes
configure:6055: checking for bsearch
configure:6142: result: yes
configure:6055: checking for bzero
configure:6142: result: yes
configure:6055: checking for calloc
configure:6142: result: yes
configure:6055: checking for clock
configure:6142: result: yes
configure:6055: checking for ffs
configure:6142: result: yes
configure:6055: checking for getcwd
configure:6142: result: yes
configure:6055: checking for getpagesize
configure:6142: result: yes
configure:6055: checking for gettimeofday
configure:6142: result: yes
configure:6055: checking for index
configure:6142: result: yes
configure:6055: checking for insque
configure:6142: result: yes
configure:6055: checking for memchr
configure:6142: result: yes
configure:6055: checking for memcmp
configure:6142: result: yes
configure:6055: checking for memcpy
configure:6142: result: yes
configure:6055: checking for memmove
configure:6142: result: yes
configure:6055: checking for mempcpy
configure:6142: result: yes
configure:6055: checking for memset
configure:6142: result: yes
configure:6055: checking for mkstemps
configure:6142: result: yes
configure:6055: checking for putenv
configure:6142: result: yes
configure:6055: checking for random
configure:6142: result: yes
configure:6055: checking for rename
configure:6142: result: yes
configure:6055: checking for rindex
configure:6142: result: yes
configure:6055: checking for setenv
configure:6142: result: yes
configure:6055: checking for snprintf
configure:6142: result: yes
configure:6055: checking for sigsetmask
configure:6142: result: yes
configure:6055: checking for stpcpy
configure:6142: result: yes
configure:6055: checking for stpncpy
configure:6142: result: yes
configure:6055: checking for strcasecmp
configure:6142: result: yes
configure:6055: checking for strchr
configure:6142: result: yes
configure:6055: checking for strdup
configure:6142: result: yes
configure:6055: checking for strncasecmp
configure:6142: result: yes
configure:6055: checking for strndup
configure:6142: result: yes
configure:6055: checking for strrchr
configure:6142: result: yes
configure:6055: checking for strstr
configure:6142: result: yes
configure:6055: checking for strtod
configure:6142: result: yes
configure:6055: checking for strtol
configure:6142: result: yes
configure:6055: checking for strtoul
configure:6142: result: yes
configure:6055: checking for strverscmp
configure:6142: result: yes
configure:6055: checking for tmpnam
configure:6142: result: yes
configure:6055: checking for vasprintf
configure:6142: result: yes
configure:6055: checking for vfprintf
configure:6142: result: yes
configure:6055: checking for vprintf
configure:6142: result: yes
configure:6055: checking for vsnprintf
configure:6142: result: yes
configure:6055: checking for vsprintf
configure:6142: result: yes
configure:6055: checking for waitpid
configure:6142: result: yes
configure:6162: checking whether alloca needs Cray hooks
configure:6189: result: no
configure:6294: checking stack direction for C alloca
configure:6348: result: -1
configure:6361: checking for unistd.h
configure:6401: result: yes
configure:6361: checking for vfork.h
configure:6401: result: no
configure:6416: checking for fork
configure:6503: result: yes
configure:6416: checking for vfork
configure:6503: result: yes
configure:6514: checking for working fork
configure:6559: result: yes
configure:6580: checking for working vfork
configure:6713: result: yes
configure:6874: checking for _doprnt
configure:6961: result: no
configure:6974: checking for sys_errlist
configure:7033: result: yes
configure:6974: checking for sys_nerr
configure:7033: result: yes
configure:6974: checking for sys_siglist
configure:7033: result: yes
configure:7048: checking for external symbol _system_configuration
configure:7066: gcc -c -g -O2   conftest.c >&5
conftest.c:101:27: fatal error: sys/systemcfg.h: No such file or directory
 #include <sys/systemcfg.h>
                           ^
compilation terminated.
configure:7072: $? = 1
configure: failed program was:
| /* confdefs.h.  */
| 
| #define PACKAGE_NAME ""
| #define PACKAGE_TARNAME ""
| #define PACKAGE_VERSION ""
| #define PACKAGE_STRING ""
| #define PACKAGE_BUGREPORT ""
| #define HAVE_SYS_FILE_H 1
| #define HAVE_SYS_PARAM_H 1
| #define HAVE_LIMITS_H 1
| #define HAVE_STDLIB_H 1
| #define HAVE_MALLOC_H 1
| #define HAVE_STRING_H 1
| #define HAVE_UNISTD_H 1
| #define HAVE_STRINGS_H 1
| #define HAVE_SYS_TIME_H 1
| #define HAVE_TIME_H 1
| #define HAVE_SYS_RESOURCE_H 1
| #define HAVE_SYS_STAT_H 1
| #define HAVE_SYS_MMAN_H 1
| #define HAVE_FCNTL_H 1
| #define HAVE_ALLOCA_H 1
| #define HAVE_SYS_SYSINFO_H 1
| #define HAVE_SYS_SYSCTL_H 1
| #define HAVE_STDINT_H 1
| #define HAVE_STDIO_EXT_H 1
| #define HAVE_SYS_WAIT_H 1
| #define TIME_WITH_SYS_TIME 1
| #define STDC_HEADERS 1
| #define HAVE_SYS_TYPES_H 1
| #define HAVE_SYS_STAT_H 1
| #define HAVE_STDLIB_H 1
| #define HAVE_STRING_H 1
| #define HAVE_MEMORY_H 1
| #define HAVE_STRINGS_H 1
| #define HAVE_INTTYPES_H 1
| #define HAVE_STDINT_H 1
| #define HAVE_UNISTD_H 1
| #define SIZEOF_INT 4
| #define UNSIGNED_64BIT_TYPE uint64_t
| #define HAVE_UINTPTR_T 1
| #define HAVE_ASPRINTF 1
| #define HAVE_ATEXIT 1
| #define HAVE_BASENAME 1
| #define HAVE_BCMP 1
| #define HAVE_BCOPY 1
| #define HAVE_BSEARCH 1
| #define HAVE_BZERO 1
| #define HAVE_CALLOC 1
| #define HAVE_CLOCK 1
| #define HAVE_FFS 1
| #define HAVE_GETCWD 1
| #define HAVE_GETPAGESIZE 1
| #define HAVE_GETTIMEOFDAY 1
| #define HAVE_INDEX 1
| #define HAVE_INSQUE 1
| #define HAVE_MEMCHR 1
| #define HAVE_MEMCMP 1
| #define HAVE_MEMCPY 1
| #define HAVE_MEMMOVE 1
| #define HAVE_MEMPCPY 1
| #define HAVE_MEMSET 1
| #define HAVE_MKSTEMPS 1
| #define HAVE_PUTENV 1
| #define HAVE_RANDOM 1
| #define HAVE_RENAME 1
| #define HAVE_RINDEX 1
| #define HAVE_SETENV 1
| #define HAVE_SNPRINTF 1
| #define HAVE_SIGSETMASK 1
| #define HAVE_STPCPY 1
| #define HAVE_STPNCPY 1
| #define HAVE_STRCASECMP 1
| #define HAVE_STRCHR 1
| #define HAVE_STRDUP 1
| #define HAVE_STRNCASECMP 1
| #define HAVE_STRNDUP 1
| #define HAVE_STRRCHR 1
| #define HAVE_STRSTR 1
| #define HAVE_STRTOD 1
| #define HAVE_STRTOL 1
| #define HAVE_STRTOUL 1
| #define HAVE_STRVERSCMP 1
| #define HAVE_TMPNAM 1
| #define HAVE_VASPRINTF 1
| #define HAVE_VFPRINTF 1
| #define HAVE_VPRINTF 1
| #define HAVE_VSNPRINTF 1
| #define HAVE_VSPRINTF 1
| #define HAVE_WAITPID 1
| #define STACK_DIRECTION -1
| #define HAVE_UNISTD_H 1
| #define HAVE_FORK 1
| #define HAVE_VFORK 1
| #define HAVE_WORKING_VFORK 1
| #define HAVE_WORKING_FORK 1
| #define HAVE_SYS_ERRLIST 1
| #define HAVE_SYS_NERR 1
| #define HAVE_SYS_SIGLIST 1
| /* end confdefs.h.  */
| #include <sys/systemcfg.h>
| int
| main ()
| {
| double x = _system_configuration.physmem;
|   ;
|   return 0;
| }
configure:7098: result: no
configure:7107: checking for getrusage
configure:7194: result: yes
configure:7107: checking for on_exit
configure:7194: result: yes
configure:7107: checking for psignal
configure:7194: result: yes
configure:7107: checking for strerror
configure:7194: result: yes
configure:7107: checking for strsignal
configure:7194: result: yes
configure:7107: checking for sysconf
configure:7194: result: yes
configure:7107: checking for times
configure:7194: result: yes
configure:7107: checking for sbrk
configure:7194: result: yes
configure:7107: checking for gettimeofday
configure:7194: result: yes
configure:7107: checking for realpath
configure:7194: result: yes
configure:7107: checking for canonicalize_file_name
configure:7194: result: yes
configure:7107: checking for pstat_getstatic
configure:7194: result: no
configure:7107: checking for pstat_getdynamic
configure:7194: result: no
configure:7107: checking for sysmp
configure:7194: result: no
configure:7107: checking for getsysinfo
configure:7194: result: no
configure:7107: checking for table
configure:7194: result: no
configure:7107: checking for sysctl
configure:7194: result: yes
configure:7107: checking for wait3
configure:7194: result: yes
configure:7107: checking for wait4
configure:7194: result: yes
configure:7107: checking for __fsetlocking
configure:7194: result: yes
configure:7204: checking whether basename is declared
configure:7258: result: no
configure:7274: checking whether ffs is declared
configure:7328: result: yes
configure:7344: checking whether asprintf is declared
configure:7398: result: no
configure:7414: checking whether vasprintf is declared
configure:7468: result: no
configure:7484: checking whether snprintf is declared
configure:7538: result: yes
configure:7554: checking whether vsnprintf is declared
configure:7608: result: yes
configure:7626: checking whether calloc is declared
configure:7680: result: yes
configure:7696: checking whether getenv is declared
configure:7750: result: yes
configure:7766: checking whether getopt is declared
configure:7820: result: yes
configure:7836: checking whether malloc is declared
configure:7890: result: yes
configure:7906: checking whether realloc is declared
configure:7960: result: yes
configure:7976: checking whether sbrk is declared
configure:8030: result: yes
configure:8048: checking whether strverscmp is declared
configure:8102: result: no
configure:8120: checking whether canonicalize_file_name must be declared
configure:8187: result: yes
configure:8219: checking for stdlib.h
configure:8259: result: yes
configure:8219: checking for unistd.h
configure:8259: result: yes
configure:8273: checking for getpagesize
configure:8360: result: yes
configure:8370: checking for working mmap
configure:8534: result: yes
configure:8547: checking for working strncmp
configure:8647: result: yes
configure:8784: creating ./config.status

## ---------------------- ##
## Running config.status. ##
## ---------------------- ##

This file was extended by config.status, which was
generated by GNU Autoconf 2.59.  Invocation command line was

  CONFIG_FILES    = 
  CONFIG_HEADERS  = 
  CONFIG_LINKS    = 
  CONFIG_COMMANDS = 
  $ ./config.status 

on cse4001

config.status:9534: creating Makefile
config.status:9534: creating testsuite/Makefile
config.status:9637: creating config.h
config.status:9779: config.h is unchanged
config.status:9939: executing default commands

## ---------------- ##
## Cache variables. ##
## ---------------- ##

ac_cv_build='x86_64-unknown-linux-gnu'
ac_cv_build_alias='x86_64-unknown-linux-gnu'
ac_cv_c_bigendian='no'
ac_cv_c_compiler_gnu='yes'
ac_cv_c_const='yes'
ac_cv_c_inline='inline'
ac_cv_c_stack_direction='-1'
ac_cv_env_CC_set='set'
ac_cv_env_CC_value='gcc'
ac_cv_env_CFLAGS_set='set'
ac_cv_env_CFLAGS_value='-g -O2 '
ac_cv_env_CPPFLAGS_set=''
ac_cv_env_CPPFLAGS_value=''
ac_cv_env_CPP_set=''
ac_cv_env_CPP_value=''
ac_cv_env_LDFLAGS_set='set'
ac_cv_env_LDFLAGS_value=''
ac_cv_env_build_alias_set='set'
ac_cv_env_build_alias_value='x86_64-unknown-linux-gnu'
ac_cv_env_host_alias_set='set'
ac_cv_env_host_alias_value='x86_64-unknown-linux-gnu'
ac_cv_env_target_alias_set='set'
ac_cv_env_target_alias_value='mips-harvard-os161'
ac_cv_exeext=''
ac_cv_func___fsetlocking='yes'
ac_cv_func__doprnt='no'
ac_cv_func_asprintf='yes'
ac_cv_func_atexit='yes'
ac_cv_func_basename='yes'
ac_cv_func_bcmp='yes'
ac_cv_func_bcopy='yes'
ac_cv_func_bsearch='yes'
ac_cv_func_bzero='yes'
ac_cv_func_calloc='yes'
ac_cv_func_canonicalize_file_name='yes'
ac_cv_func_clock='yes'
ac_cv_func_ffs='yes'
ac_cv_func_fork='yes'
ac_cv_func_fork_works='yes'
ac_cv_func_getcwd='yes'
ac_cv_func_getpagesize='yes'
ac_cv_func_getrusage='yes'
ac_cv_func_getsysinfo='no'
ac_cv_func_gettimeofday='yes'
ac_cv_func_index='yes'
ac_cv_func_insque='yes'
ac_cv_func_memchr='yes'
ac_cv_func_memcmp='yes'
ac_cv_func_memcpy='yes'
ac_cv_func_memmove='yes'
ac_cv_func_mempcpy='yes'
ac_cv_func_memset='yes'
ac_cv_func_mkstemps='yes'
ac_cv_func_mmap_fixed_mapped='yes'
ac_cv_func_on_exit='yes'
ac_cv_func_psignal='yes'
ac_cv_func_pstat_getdynamic='no'
ac_cv_func_pstat_getstatic='no'
ac_cv_func_putenv='yes'
ac_cv_func_random='yes'
ac_cv_func_realpath='yes'
ac_cv_func_rename='yes'
ac_cv_func_rindex='yes'
ac_cv_func_sbrk='yes'
ac_cv_func_setenv='yes'
ac_cv_func_sigsetmask='yes'
ac_cv_func_snprintf='yes'
ac_cv_func_stpcpy='yes'
ac_cv_func_stpncpy='yes'
ac_cv_func_strcasecmp='yes'
ac_cv_func_strchr='yes'
ac_cv_func_strdup='yes'
ac_cv_func_strerror='yes'
ac_cv_func_strncasecmp='yes'
ac_cv_func_strncmp_works='yes'
ac_cv_func_strndup='yes'
ac_cv_func_strrchr='yes'
ac_cv_func_strsignal='yes'
ac_cv_func_strstr='yes'
ac_cv_func_strtod='yes'
ac_cv_func_strtol='yes'
ac_cv_func_strtoul='yes'
ac_cv_func_strverscmp='yes'
ac_cv_func_sysconf='yes'
ac_cv_func_sysctl='yes'
ac_cv_func_sysmp='no'
ac_cv_func_table='no'
ac_cv_func_times='yes'
ac_cv_func_tmpnam='yes'
ac_cv_func_vasprintf='yes'
ac_cv_func_vfork='yes'
ac_cv_func_vfork_works='yes'
ac_cv_func_vfprintf='yes'
ac_cv_func_vprintf='yes'
ac_cv_func_vsnprintf='yes'
ac_cv_func_vsprintf='yes'
ac_cv_func_wait3='yes'
ac_cv_func_wait4='yes'
ac_cv_func_waitpid='yes'
ac_cv_have_decl_asprintf='no'
ac_cv_have_decl_basename='no'
ac_cv_have_decl_calloc='yes'
ac_cv_have_decl_ffs='yes'
ac_cv_have_decl_getenv='yes'
ac_cv_have_decl_getopt='yes'
ac_cv_have_decl_malloc='yes'
ac_cv_have_decl_realloc='yes'
ac_cv_have_decl_sbrk='yes'
ac_cv_have_decl_snprintf='yes'
ac_cv_have_decl_strverscmp='no'
ac_cv_have_decl_vasprintf='no'
ac_cv_have_decl_vsnprintf='yes'
ac_cv_header_alloca_h='yes'
ac_cv_header_fcntl_h='yes'
ac_cv_header_inttypes_h='yes'
ac_cv_header_limits_h='yes'
ac_cv_header_machine_hal_sysinfo_h='no'
ac_cv_header_malloc_h='yes'
ac_cv_header_memory_h='yes'
ac_cv_header_stdc='yes'
ac_cv_header_stdint_h='yes'
ac_cv_header_stdio_ext_h='yes'
ac_cv_header_stdlib_h='yes'
ac_cv_header_string_h='yes'
ac_cv_header_strings_h='yes'
ac_cv_header_sys_file_h='yes'
ac_cv_header_sys_mman_h='yes'
ac_cv_header_sys_param_h='yes'
ac_cv_header_sys_pstat_h='no'
ac_cv_header_sys_resource_h='yes'
ac_cv_header_sys_stat_h='yes'
ac_cv_header_sys_sysctl_h='yes'
ac_cv_header_sys_sysinfo_h='yes'
ac_cv_header_sys_sysmp_h='no'
ac_cv_header_sys_systemcfg_h='no'
ac_cv_header_sys_table_h='no'
ac_cv_header_sys_time_h='yes'
ac_cv_header_sys_types_h='yes'
ac_cv_header_sys_wait_h='yes'
ac_cv_header_time='yes'
ac_cv_header_time_h='yes'
ac_cv_header_unistd_h='yes'
ac_cv_header_vfork_h='no'
ac_cv_host='x86_64-unknown-linux-gnu'
ac_cv_host_alias='x86_64-unknown-linux-gnu'
ac_cv_objext='o'
ac_cv_os_cray='no'
ac_cv_prog_AR='ar'
ac_cv_prog_CC='gcc'
ac_cv_prog_CPP='gcc -E'
ac_cv_prog_MAKEINFO='/home/cse4001/os161/toolbuild/binutils-2.17+os161-2.0.1/missing makeinfo --split-size=5000000'
ac_cv_prog_PERL='perl'
ac_cv_prog_RANLIB='ranlib'
ac_cv_prog_cc_g='yes'
ac_cv_prog_cc_gcc_c_o='yes'
ac_cv_prog_cc_stdc=''
ac_cv_prog_cc_w_cxx_compat='yes'
ac_cv_prog_egrep='grep -E'
ac_cv_search_strerror='none required'
ac_cv_sizeof_int='4'
ac_cv_type_int='yes'
ac_cv_type_pid_t='yes'
ac_cv_type_uintptr_t='yes'
liberty_cv_uint64='uint64_t'
libiberty_cv_decl_needed_canonicalize_file_name='yes'
libiberty_cv_declare_errno='no'
libiberty_cv_var_sys_errlist='yes'
libiberty_cv_var_sys_nerr='yes'
libiberty_cv_var_sys_siglist='yes'

## ----------------- ##
## Output variables. ##
## ----------------- ##

AR='ar'
BUILD_INFO=''
CC='gcc'
CFLAGS='-g -O2 '
CHECK='really-check'
CPP='gcc -E'
CPPFLAGS=''
DEFS='-DHAVE_CONFIG_H'
ECHO_C='ECHO_N=''
ECHO_T=''
EGREP='grep -E'
EXEEXT=''
HAVE_PERL=''
INSTALL_DATA='/usr/bin/install -c -m 644'
INSTALL_DEST='libdir'
INSTALL_PROGRAM='/usr/bin/install -c'
INSTALL_SCRIPT='/usr/bin/install -c'
LDFLAGS=''
LIBOBJS=''
LIBS=''
LTLIBOBJS=''
MAINT='#'
MAKEINFO='/home/cse4001/os161/toolbuild/binutils-2.17+os161-2.0.1/missing makeinfo --split-size=5000000'
NOTMAINT=''
NO_MINUS_C_MINUS_O=''
OBJEXT='o'
OUTPUT_OPTION='-o $@'
PACKAGE_BUGREPORT=''
PACKAGE_NAME=''
PACKAGE_STRING=''
PACKAGE_TARNAME=''
PACKAGE_VERSION=''
PATH_SEPARATOR=':'
PERL='perl'
RANLIB='ranlib'
SHELL='/bin/sh'
ac_ct_AR=''
ac_ct_CC=''
ac_ct_RANLIB=''
ac_libiberty_warn_cflags='-W -Wall -pedantic -Wwrite-strings -Wstrict-prototypes -Wc++-compat'
bindir='${exec_prefix}/bin'
build='x86_64-unknown-linux-gnu'
build_alias='x86_64-unknown-linux-gnu'
build_cpu='x86_64'
build_os='linux-gnu'
build_vendor='unknown'
datadir='${prefix}/share'
datarootdir='/home/cse4001/os161/tools/share'
docdir='/home/cse4001/os161/tools/share/doc'
exec_prefix='${prefix}'
host='x86_64-unknown-linux-gnu'
host_alias='x86_64-unknown-linux-gnu'
host_cpu='x86_64'
host_os='linux-gnu'
host_vendor='unknown'
htmldir='/home/cse4001/os161/tools/share/doc'
includedir='${prefix}/include'
infodir='${prefix}/info'
libdir='${exec_prefix}/lib'
libexecdir='${exec_prefix}/libexec'
libiberty_topdir='.././libiberty/..'
localstatedir='${prefix}/var'
mandir='${prefix}/man'
oldincludedir='/usr/include'
pexecute='./pex-unix.o'
prefix='/home/cse4001/os161/tools'
program_transform_name='s,^,mips-harvard-os161-,; '
sbindir='${exec_prefix}/sbin'
sharedstatedir='${prefix}/com'
sysconfdir='${prefix}/etc'
target_alias='mips-harvard-os161'
target_header_dir=''

## ------------- ##
## Output files. ##
## ------------- ##

host_makefile_frag='xhost-mkfrag'

## ----------- ##
## confdefs.h. ##
## ----------- ##

#define HAVE_ALLOCA_H 1
#define HAVE_ASPRINTF 1
#define HAVE_ATEXIT 1
#define HAVE_BASENAME 1
#define HAVE_BCMP 1
#define HAVE_BCOPY 1
#define HAVE_BSEARCH 1
#define HAVE_BZERO 1
#define HAVE_CALLOC 1
#define HAVE_CANONICALIZE_FILE_NAME 1
#define HAVE_CLOCK 1
#define HAVE_DECL_ASPRINTF 0
#define HAVE_DECL_BASENAME 0
#define HAVE_DECL_CALLOC 1
#define HAVE_DECL_FFS 1
#define HAVE_DECL_GETENV 1
#define HAVE_DECL_GETOPT 1
#define HAVE_DECL_MALLOC 1
#define HAVE_DECL_REALLOC 1
#define HAVE_DECL_SBRK 1
#define HAVE_DECL_SNPRINTF 1
#define HAVE_DECL_STRVERSCMP 0
#define HAVE_DECL_VASPRINTF 0
#define HAVE_DECL_VSNPRINTF 1
#define HAVE_FCNTL_H 1
#define HAVE_FFS 1
#define HAVE_FORK 1
#define HAVE_GETCWD 1
#define HAVE_GETPAGESIZE 1
#define HAVE_GETPAGESIZE 1
#define HAVE_GETRUSAGE 1
#define HAVE_GETTIMEOFDAY 1
#define HAVE_GETTIMEOFDAY 1
#define HAVE_INDEX 1
#define HAVE_INSQUE 1
#define HAVE_INTTYPES_H 1
#define HAVE_LIMITS_H 1
#define HAVE_MALLOC_H 1
#define HAVE_MEMCHR 1
#define HAVE_MEMCMP 1
#define HAVE_MEMCPY 1
#define HAVE_MEMMOVE 1
#define HAVE_MEMORY_H 1
#define HAVE_MEMPCPY 1
#define HAVE_MEMSET 1
#define HAVE_MKSTEMPS 1
#define HAVE_MMAP 1
#define HAVE_ON_EXIT 1
#define HAVE_PSIGNAL 1
#define HAVE_PUTENV 1
#define HAVE_RANDOM 1
#define HAVE_REALPATH 1
#define HAVE_RENAME 1
#define HAVE_RINDEX 1
#define HAVE_SBRK 1
#define HAVE_SETENV 1
#define HAVE_SIGSETMASK 1
#define HAVE_SNPRINTF 1
#define HAVE_STDINT_H 1
#define HAVE_STDINT_H 1
#define HAVE_STDIO_EXT_H 1
#define HAVE_STDLIB_H 1
#define HAVE_STDLIB_H 1
#define HAVE_STDLIB_H 1
#define HAVE_STPCPY 1
#define HAVE_STPNCPY 1
#define HAVE_STRCASECMP 1
#define HAVE_STRCHR 1
#define HAVE_STRDUP 1
#define HAVE_STRERROR 1
#define HAVE_STRINGS_H 1
#define HAVE_STRINGS_H 1
#define HAVE_STRING_H 1
#define HAVE_STRING_H 1
#define HAVE_STRNCASECMP 1
#define HAVE_STRNDUP 1
#define HAVE_STRRCHR 1
#define HAVE_STRSIGNAL 1
#define HAVE_STRSTR 1
#define HAVE_STRTOD 1
#define HAVE_STRTOL 1
#define HAVE_STRTOUL 1
#define HAVE_STRVERSCMP 1
#define HAVE_SYSCONF 1
#define HAVE_SYSCTL 1
#define HAVE_SYS_ERRLIST 1
#define HAVE_SYS_FILE_H 1
#define HAVE_SYS_MMAN_H 1
#define HAVE_SYS_NERR 1
#define HAVE_SYS_PARAM_H 1
#define HAVE_SYS_RESOURCE_H 1
#define HAVE_SYS_SIGLIST 1
#define HAVE_SYS_STAT_H 1
#define HAVE_SYS_STAT_H 1
#define HAVE_SYS_SYSCTL_H 1
#define HAVE_SYS_SYSINFO_H 1
#define HAVE_SYS_TIME_H 1
#define HAVE_SYS_TYPES_H 1
#define HAVE_SYS_WAIT_H 1
#define HAVE_TIMES 1
#define HAVE_TIME_H 1
#define HAVE_TMPNAM 1
#define HAVE_UINTPTR_T 1
#define HAVE_UNISTD_H 1
#define HAVE_UNISTD_H 1
#define HAVE_UNISTD_H 1
#define HAVE_UNISTD_H 1
#define HAVE_VASPRINTF 1
#define HAVE_VFORK 1
#define HAVE_VFPRINTF 1
#define HAVE_VPRINTF 1
#define HAVE_VSNPRINTF 1
#define HAVE_VSPRINTF 1
#define HAVE_WAIT3 1
#define HAVE_WAIT4 1
#define HAVE_WAITPID 1
#define HAVE_WORKING_FORK 1
#define HAVE_WORKING_VFORK 1
#define HAVE___FSETLOCKING 1
#define NEED_DECLARATION_CANONICALIZE_FILE_NAME 1
#define PACKAGE_BUGREPORT ""
#define PACKAGE_NAME ""
#define PACKAGE_STRING ""
#define PACKAGE_TARNAME ""
#define PACKAGE_VERSION ""
#define SIZEOF_INT 4
#define STACK_DIRECTION -1
#define STDC_HEADERS 1
#define TIME_WITH_SYS_TIME 1
#define UNSIGNED_64BIT_TYPE uint64_t

configure: exit 0
