This file contains any messages produced by compilers while
running configure, to aid debugging if configure makes a mistake.

It was created by configure, which was
generated by GNU Autoconf 2.59.  Invocation command line was

  $ /home/cse4001/os161/toolbuild/binutils-2.17+os161-2.0.1/bfd/configure --cache-file=./config.cache --build=x86_64-unknown-linux-gnu --host=x86_64-unknown-linux-gnu --target=mips-harvard-os161 --with-gnu-as --with-gnu-ld --with-stabs --nfp --disable-werror --disable-nls --prefix=/home/cse4001/os161/tools --program-transform-name=s,^,mips-harvard-os161-,;  --srcdir=.././bfd

## --------- ##
## Platform. ##
## --------- ##

hostname = cse4001
uname -m = x86_64
uname -r = 3.13.0-32-generic
uname -s = Linux
uname -v = #57-Ubuntu SMP Tue Jul 15 03:51:08 UTC 2014

/usr/bin/uname -p = unknown
/bin/uname -X     = unknown

/bin/arch              = unknown
/usr/bin/arch -k       = unknown
/usr/convex/getsysinfo = unknown
hostinfo               = unknown
/bin/machine           = unknown
/usr/bin/oslevel       = unknown
/bin/universe          = unknown

PATH: /usr/local/sbin
PATH: /usr/local/bin
PATH: /usr/sbin
PATH: /usr/bin
PATH: /sbin
PATH: /bin
PATH: /usr/games
PATH: /usr/local/games
PATH: /home/cse4001/os161/tools/bin


## ----------- ##
## Core tests. ##
## ----------- ##

configure:1237: loading cache ./config.cache
configure:1358: checking build system type
configure:1376: result: x86_64-unknown-linux-gnu
configure:1384: checking host system type
configure:1398: result: x86_64-unknown-linux-gnu
configure:1406: checking target system type
configure:1420: result: mips-harvard-os161
configure:1442: checking for x86_64-unknown-linux-gnu-gcc
configure:1468: result: gcc
configure:1750: checking for C compiler version
configure:1753: gcc --version </dev/null >&5
gcc (Ubuntu 4.8.2-19ubuntu1) 4.8.2
Copyright (C) 2013 Free Software Foundation, Inc.
This is free software; see the source for copying conditions.  There is NO
warranty; not even for MERCHANTABILITY or FITNESS FOR A PARTICULAR PURPOSE.

configure:1756: $? = 0
configure:1758: gcc -v </dev/null >&5
Using built-in specs.
COLLECT_GCC=gcc
COLLECT_LTO_WRAPPER=/usr/lib/gcc/x86_64-linux-gnu/4.8/lto-wrapper
Target: x86_64-linux-gnu
Configured with: ../src/configure -v --with-pkgversion='Ubuntu 4.8.2-19ubuntu1' --with-bugurl=file:///usr/share/doc/gcc-4.8/README.Bugs --enable-languages=c,c++,java,go,d,fortran,objc,obj-c++ --prefix=/usr --program-suffix=-4.8 --enable-shared --enable-linker-build-id --libexecdir=/usr/lib --without-included-gettext --enable-threads=posix --with-gxx-include-dir=/usr/include/c++/4.8 --libdir=/usr/lib --enable-nls --with-sysroot=/ --enable-clocale=gnu --enable-libstdcxx-debug --enable-libstdcxx-time=yes --enable-gnu-unique-object --disable-libmudflap --enable-plugin --with-system-zlib --disable-browser-plugin --enable-java-awt=gtk --enable-gtk-cairo --with-java-home=/usr/lib/jvm/java-1.5.0-gcj-4.8-amd64/jre --enable-java-home --with-jvm-root-dir=/usr/lib/jvm/java-1.5.0-gcj-4.8-amd64 --with-jvm-jar-dir=/usr/lib/jvm-exports/java-1.5.0-gcj-4.8-amd64 --with-arch-directory=amd64 --with-ecj-jar=/usr/share/java/eclipse-ecj.jar --enable-objc-gc --enable-multiarch --disable-werror --with-arch-32=i686 --with-abi=m64 --with-multilib-list=m32,m64,mx32 --with-tune=generic --enable-checking=release --build=x86_64-linux-gnu --host=x86_64-linux-gnu --target=x86_64-linux-gnu
Thread model: posix
gcc version 4.8.2 (Ubuntu 4.8.2-19ubuntu1) 
configure:1761: $? = 0
configure:1763: gcc -V </dev/null >&5
gcc: error: unrecognized command line option '-V'
gcc: fatal error: no input files
compilation terminated.
configure:1766: $? = 4
configure:1789: checking for C compiler default output file name
configure:1792: gcc -g -O2    conftest.c  >&5
configure:1795: $? = 0
configure:1841: result: a.out
configure:1846: checking whether the C compiler works
configure:1852: ./a.out
configure:1855: $? = 0
configure:1872: result: yes
configure:1879: checking whether we are cross compiling
configure:1881: result: no
configure:1884: checking for suffix of executables
configure:1886: gcc -o conftest -g -O2    conftest.c  >&5
configure:1889: $? = 0
configure:1914: result: 
configure:1920: checking for suffix of object files
configure:1966: result: o
configure:1970: checking whether we are using the GNU C compiler
configure:2026: result: yes
configure:2032: checking whether gcc accepts -g
configure:2083: result: yes
configure:2100: checking for gcc option to accept ANSI C
configure:2207: result: none needed
configure:2225: gcc -c -g -O2   conftest.c >&5
conftest.c:2:3: error: unknown type name 'choke'
   choke me
   ^
conftest.c:2:3: error: expected '=', ',', ';', 'asm' or '__attribute__' at end of input
configure:2231: $? = 1
configure: failed program was:
| #ifndef __cplusplus
|   choke me
| #endif
configure:2365: checking for library containing strerror
configure:2484: result: none required
configure:2506: checking for a BSD-compatible install
configure:2561: result: /usr/bin/install -c
configure:2572: checking whether build environment is sane
configure:2615: result: yes
configure:2680: checking for gawk
configure:2706: result: mawk
configure:2716: checking whether make sets $(MAKE)
configure:2736: result: yes
configure:2766: checking for style of include used by make
configure:2794: result: GNU
configure:2970: checking dependency style of gcc
configure:3060: result: none
configure:3082: checking for x86_64-unknown-linux-gnu-ar
configure:3108: result: ar
configure:3161: checking for x86_64-unknown-linux-gnu-ranlib
configure:3187: result: ranlib
configure:3317: checking for ld used by GCC
configure:3380: result: ld
configure:3389: checking if the linker (ld) is GNU ld
configure:3401: result: yes
configure:3406: checking for ld option to reload object files
configure:3413: result: -r
configure:3418: checking for BSD-compatible nm
configure:3454: result: nm
configure:3457: checking whether ln -s works
configure:3461: result: yes
configure:3468: checking how to recognise dependant libraries
configure:3631: result: pass_all
configure:3642: checking the maximum length of command line arguments
configure:3694: result: 49153
configure:3844: checking for x86_64-unknown-linux-gnu-ranlib
configure:3870: result: ranlib
configure:3924: checking for x86_64-unknown-linux-gnu-strip
configure:3953: result: no
configure:3962: checking for strip
configure:3989: result: strip
configure:4093: gcc -c -g -O2   conftest.c >&5
configure:4096: $? = 0
configure:4292: loading cache ./config.cache
ce PIC
ltconfig:687:checking that gcc PIC flag  -fPIC -DPIC works.
ltconfig:749: checking if gcc static flag -static works
ltconfig:780: finding the maximum length of command line arguments
ltconfig:@lineno@: result: 49153
ltconfig:887: checking if gcc supports -fno-rtti -fno-exceptions
ltconfig:888: gcc -c -g -O2  -fno-rtti -fno-exceptions -c conftest.c  conftest.c 1>&5
ltconfig:1431: checking if global_symbol_pipe works
ltconfig:1432: gcc -c -g -O2   conftest.c 1>&5
ltconfig:1435: eval "nm conftest.o | sed -n -e 's/^.*[ 	]\([ABCDGISTW][ABCDGISTW]*\)[ 	][ 	]*\(\)\([_A-Za-z][_A-Za-z0-9]*\)$/  /p' > conftest.nm"
ltconfig:1487: gcc -o conftest -g -O2  -fno-builtin   conftest.c conftstm.o 1>&5
configure:4452: checking whether to enable maintainer-specific portions of Makefiles
configure:4461: result: no
configure:4491: checking whether to install libbfd
configure:4504: result: no
configure:4548: checking for x86_64-unknown-linux-gnu-gcc
configure:4574: result: gcc
configure:4856: checking for C compiler version
configure:4859: gcc --version </dev/null >&5
gcc (Ubuntu 4.8.2-19ubuntu1) 4.8.2
Copyright (C) 2013 Free Software Foundation, Inc.
This is free software; see the source for copying conditions.  There is NO
warranty; not even for MERCHANTABILITY or FITNESS FOR A PARTICULAR PURPOSE.

configure:4862: $? = 0
configure:4864: gcc -v </dev/null >&5
Using built-in specs.
COLLECT_GCC=gcc
COLLECT_LTO_WRAPPER=/usr/lib/gcc/x86_64-linux-gnu/4.8/lto-wrapper
Target: x86_64-linux-gnu
Configured with: ../src/configure -v --with-pkgversion='Ubuntu 4.8.2-19ubuntu1' --with-bugurl=file:///usr/share/doc/gcc-4.8/README.Bugs --enable-languages=c,c++,java,go,d,fortran,objc,obj-c++ --prefix=/usr --program-suffix=-4.8 --enable-shared --enable-linker-build-id --libexecdir=/usr/lib --without-included-gettext --enable-threads=posix --with-gxx-include-dir=/usr/include/c++/4.8 --libdir=/usr/lib --enable-nls --with-sysroot=/ --enable-clocale=gnu --enable-libstdcxx-debug --enable-libstdcxx-time=yes --enable-gnu-unique-object --disable-libmudflap --enable-plugin --with-system-zlib --disable-browser-plugin --enable-java-awt=gtk --enable-gtk-cairo --with-java-home=/usr/lib/jvm/java-1.5.0-gcj-4.8-amd64/jre --enable-java-home --with-jvm-root-dir=/usr/lib/jvm/java-1.5.0-gcj-4.8-amd64 --with-jvm-jar-dir=/usr/lib/jvm-exports/java-1.5.0-gcj-4.8-amd64 --with-arch-directory=amd64 --with-ecj-jar=/usr/share/java/eclipse-ecj.jar --enable-objc-gc --enable-multiarch --disable-werror --with-arch-32=i686 --with-abi=m64 --with-multilib-list=m32,m64,mx32 --with-tune=generic --enable-checking=release --build=x86_64-linux-gnu --host=x86_64-linux-gnu --target=x86_64-linux-gnu
Thread model: posix
gcc version 4.8.2 (Ubuntu 4.8.2-19ubuntu1) 
configure:4867: $? = 0
configure:4869: gcc -V </dev/null >&5
gcc: error: unrecognized command line option '-V'
gcc: fatal error: no input files
compilation terminated.
configure:4872: $? = 4
configure:4875: checking whether we are using the GNU C compiler
configure:4931: result: yes
configure:4937: checking whether gcc accepts -g
configure:4988: result: yes
configure:5005: checking for gcc option to accept ANSI C
configure:5112: result: none needed
configure:5130: gcc -c -g -O2   conftest.c >&5
conftest.c:2:3: error: unknown type name 'choke'
   choke me
   ^
conftest.c:2:3: error: expected '=', ',', ';', 'asm' or '__attribute__' at end of input
configure:5136: $? = 1
configure: failed program was:
| #ifndef __cplusplus
|   choke me
| #endif
configure:5280: checking for x86_64-unknown-linux-gnu-ranlib
configure:5306: result: ranlib
configure:5362: checking how to run the C preprocessor
configure:5480: result: gcc -E
configure:5504: gcc -E  conftest.c
configure:5510: $? = 0
configure:5542: gcc -E  conftest.c
conftest.c:12:28: fatal error: ac_nonexistent.h: No such file or directory
 #include <ac_nonexistent.h>
                            ^
compilation terminated.
configure:5548: $? = 1
configure: failed program was:
| /* confdefs.h.  */
| 
| #define PACKAGE_NAME ""
| #define PACKAGE_TARNAME ""
| #define PACKAGE_VERSION ""
| #define PACKAGE_STRING ""
| #define PACKAGE_BUGREPORT ""
| #define PACKAGE "bfd"
| #define VERSION "2.17"
| #define _GNU_SOURCE 1
| /* end confdefs.h.  */
| #include <ac_nonexistent.h>
configure:5592: checking for egrep
configure:5602: result: grep -E
configure:5607: checking for ANSI C header files
configure:5763: result: yes
configure:5773: checking for an ANSI C-conforming const
configure:5870: result: yes
configure:5880: checking for inline
configure:5932: result: inline
configure:5965: checking for sys/types.h
configure:6011: result: yes
configure:5965: checking for sys/stat.h
configure:6011: result: yes
configure:5965: checking for stdlib.h
configure:6011: result: yes
configure:5965: checking for string.h
configure:6011: result: yes
configure:5965: checking for memory.h
configure:6011: result: yes
configure:5965: checking for strings.h
configure:6011: result: yes
configure:5965: checking for inttypes.h
configure:6011: result: yes
configure:5965: checking for stdint.h
configure:6011: result: yes
configure:5965: checking for unistd.h
configure:6011: result: yes
configure:6023: checking for off_t
configure:6077: result: yes
configure:6089: checking for size_t
configure:6143: result: yes
configure:6157: checking for working alloca.h
configure:6209: result: yes
configure:6219: checking for alloca
configure:6291: result: yes
configure:6520: checking for stdlib.h
configure:6525: result: yes
configure:6520: checking for unistd.h
configure:6525: result: yes
configure:6669: checking for getpagesize
configure:6757: result: yes
configure:6767: checking for working mmap
configure:6931: result: yes
configure:6957: checking for argz.h
configure:6962: result: yes
configure:6957: checking for limits.h
configure:6962: result: yes
configure:6957: checking for locale.h
configure:6962: result: yes
configure:6957: checking for nl_types.h
configure:6962: result: yes
configure:6957: checking for malloc.h
configure:6962: result: yes
configure:6957: checking for string.h
configure:6962: result: yes
configure:6957: checking for unistd.h
configure:6962: result: yes
configure:6957: checking for values.h
configure:6962: result: yes
configure:6957: checking for sys/param.h
configure:6962: result: yes
configure:7116: checking for getcwd
configure:7204: result: yes
configure:7116: checking for munmap
configure:7204: result: yes
configure:7116: checking for putenv
configure:7204: result: yes
configure:7116: checking for setenv
configure:7204: result: yes
configure:7116: checking for setlocale
configure:7204: result: yes
configure:7116: checking for strchr
configure:7204: result: yes
configure:7116: checking for strcasecmp
configure:7204: result: yes
configure:7116: checking for __argz_count
configure:7204: result: yes
configure:7116: checking for __argz_stringify
configure:7204: result: yes
configure:7116: checking for __argz_next
configure:7204: result: yes
configure:7328: checking for LC_MESSAGES
configure:7380: result: yes
configure:7390: checking whether NLS is requested
configure:7399: result: no
configure:8437: checking for a BSD-compatible install
configure:8492: result: /usr/bin/install -c
configure:8510: checking for long long
configure:8562: result: yes
configure:8566: checking for long long
configure:8620: result: yes
configure:8623: checking size of long long
configure:8973: result: 8
configure:8982: checking for long
configure:9036: result: yes
configure:9039: checking size of long
configure:9389: result: 8
configure:9466: checking for stddef.h
configure:9471: result: yes
configure:9466: checking for string.h
configure:9471: result: yes
configure:9466: checking for strings.h
configure:9471: result: yes
configure:9466: checking for stdlib.h
configure:9471: result: yes
configure:9466: checking for time.h
configure:9471: result: yes
configure:9466: checking for unistd.h
configure:9471: result: yes
configure:9618: checking for fcntl.h
configure:9623: result: yes
configure:9618: checking for sys/file.h
configure:9623: result: yes
configure:9618: checking for sys/time.h
configure:9623: result: yes
configure:9763: checking whether time.h and sys/time.h may both be included
configure:9818: result: yes
configure:9836: checking for dirent.h that defines DIR
configure:9890: result: yes
configure:9903: checking for library containing opendir
configure:10022: result: none required
configure:10158: checking whether string.h and strings.h may both be included
configure:10210: result: yes
configure:10230: checking for fcntl
configure:10318: result: yes
configure:10230: checking for getpagesize
configure:10318: result: yes
configure:10230: checking for setitimer
configure:10318: result: yes
configure:10230: checking for sysconf
configure:10318: result: yes
configure:10230: checking for fdopen
configure:10318: result: yes
configure:10230: checking for getuid
configure:10318: result: yes
configure:10230: checking for getgid
configure:10318: result: yes
configure:10332: checking for strtoull
configure:10420: result: yes
configure:10431: checking whether basename is declared
configure:10485: result: yes
configure:10503: checking whether ftello is declared
configure:10557: result: yes
configure:10575: checking whether ftello64 is declared
configure:10629: result: yes
configure:10647: checking whether fseeko is declared
configure:10701: result: yes
configure:10719: checking whether fseeko64 is declared
configure:10773: result: yes
configure:10802: checking whether ffs is declared
configure:10856: result: yes
configure:10874: checking whether free is declared
configure:10928: result: yes
configure:10946: checking whether getenv is declared
configure:11000: result: yes
configure:11018: checking whether malloc is declared
configure:11072: result: yes
configure:11090: checking whether realloc is declared
configure:11144: result: yes
configure:11162: checking whether stpcpy is declared
configure:11216: result: yes
configure:11234: checking whether strstr is declared
configure:11288: result: yes
configure:11306: checking whether snprintf is declared
configure:11360: result: yes
configure:11378: checking whether vsnprintf is declared
configure:11432: result: yes
configure:13392: checking for gcc version with buggy 64-bit support
configure:13409: result: no
configure:13448: checking for ftello
configure:13536: result: yes
configure:13448: checking for ftello64
configure:13536: result: yes
configure:13448: checking for fseeko
configure:13536: result: yes
configure:13448: checking for fseeko64
configure:13536: result: yes
configure:13448: checking for fopen64
configure:13536: result: yes
configure:13547: checking for off_t
configure:13601: result: yes
configure:13604: checking size of off_t
configure:13954: result: 8
configure:13962: checking file_ptr type
configure:13971: result: BFD_HOST_64_BIT
configure:13991: checking for stdlib.h
configure:13996: result: yes
configure:13991: checking for unistd.h
configure:13996: result: yes
configure:14140: checking for getpagesize
configure:14228: result: yes
configure:14238: checking for working mmap
configure:14402: result: yes
configure:14418: checking for madvise
configure:14506: result: yes
configure:14418: checking for mprotect
configure:14506: result: yes
configure:14657: creating ./config.status

## ---------------------- ##
## Running config.status. ##
## ---------------------- ##

This file was extended by config.status, which was
generated by GNU Autoconf 2.59.  Invocation command line was

  CONFIG_FILES    = 
  CONFIG_HEADERS  = 
  CONFIG_LINKS    = 
  CONFIG_COMMANDS = 
  $ ./config.status 

on cse4001

config.status:15474: creating Makefile
config.status:15474: creating doc/Makefile
config.status:15474: creating bfd-in3.h
config.status:15474: creating po/Makefile.in
config.status:15577: creating config.h
config.status:15901: executing depfiles commands
config.status:15901: executing default commands

## ---------------- ##
## Cache variables. ##
## ---------------- ##

ac_cv_archive_cmds_needs_lc='yes'
ac_cv_build='x86_64-unknown-linux-gnu'
ac_cv_build_alias='x86_64-unknown-linux-gnu'
ac_cv_c_compiler_gnu='yes'
ac_cv_c_const='yes'
ac_cv_c_inline='inline'
ac_cv_env_CC_set='set'
ac_cv_env_CC_value='gcc'
ac_cv_env_CFLAGS_set='set'
ac_cv_env_CFLAGS_value='-g -O2 '
ac_cv_env_CPPFLAGS_set=''
ac_cv_env_CPPFLAGS_value=''
ac_cv_env_CPP_set=''
ac_cv_env_CPP_value=''
ac_cv_env_LDFLAGS_set='set'
ac_cv_env_LDFLAGS_value=''
ac_cv_env_build_alias_set='set'
ac_cv_env_build_alias_value='x86_64-unknown-linux-gnu'
ac_cv_env_host_alias_set='set'
ac_cv_env_host_alias_value='x86_64-unknown-linux-gnu'
ac_cv_env_target_alias_set='set'
ac_cv_env_target_alias_value='mips-harvard-os161'
ac_cv_exeext=''
ac_cv_func___argz_count='yes'
ac_cv_func___argz_next='yes'
ac_cv_func___argz_stringify='yes'
ac_cv_func_alloca_works='yes'
ac_cv_func_fcntl='yes'
ac_cv_func_fdopen='yes'
ac_cv_func_fopen64='yes'
ac_cv_func_fseeko='yes'
ac_cv_func_fseeko64='yes'
ac_cv_func_ftello='yes'
ac_cv_func_ftello64='yes'
ac_cv_func_getcwd='yes'
ac_cv_func_getgid='yes'
ac_cv_func_getpagesize='yes'
ac_cv_func_getuid='yes'
ac_cv_func_madvise='yes'
ac_cv_func_mmap_fixed_mapped='yes'
ac_cv_func_mprotect='yes'
ac_cv_func_munmap='yes'
ac_cv_func_putenv='yes'
ac_cv_func_setenv='yes'
ac_cv_func_setitimer='yes'
ac_cv_func_setlocale='yes'
ac_cv_func_stpcpy='yes'
ac_cv_func_strcasecmp='yes'
ac_cv_func_strchr='yes'
ac_cv_func_strtoull='yes'
ac_cv_func_sysconf='yes'
ac_cv_have_decl_basename='yes'
ac_cv_have_decl_ffs='yes'
ac_cv_have_decl_free='yes'
ac_cv_have_decl_fseeko='yes'
ac_cv_have_decl_fseeko64='yes'
ac_cv_have_decl_ftello='yes'
ac_cv_have_decl_ftello64='yes'
ac_cv_have_decl_getenv='yes'
ac_cv_have_decl_malloc='yes'
ac_cv_have_decl_realloc='yes'
ac_cv_have_decl_snprintf='yes'
ac_cv_have_decl_stpcpy='yes'
ac_cv_have_decl_strstr='yes'
ac_cv_have_decl_vsnprintf='yes'
ac_cv_header_argz_h='yes'
ac_cv_header_dirent_dirent_h='yes'
ac_cv_header_fcntl_h='yes'
ac_cv_header_inttypes_h='yes'
ac_cv_header_libintl_h='yes'
ac_cv_header_limits_h='yes'
ac_cv_header_locale_h='yes'
ac_cv_header_malloc_h='yes'
ac_cv_header_memory_h='yes'
ac_cv_header_nl_types_h='yes'
ac_cv_header_stdc='yes'
ac_cv_header_stddef_h='yes'
ac_cv_header_stdint_h='yes'
ac_cv_header_stdlib_h='yes'
ac_cv_header_string_h='yes'
ac_cv_header_strings_h='yes'
ac_cv_header_sys_file_h='yes'
ac_cv_header_sys_param_h='yes'
ac_cv_header_sys_stat_h='yes'
ac_cv_header_sys_time_h='yes'
ac_cv_header_sys_types_h='yes'
ac_cv_header_time='yes'
ac_cv_header_time_h='yes'
ac_cv_header_unistd_h='yes'
ac_cv_header_values_h='yes'
ac_cv_host='x86_64-unknown-linux-gnu'
ac_cv_host_alias='x86_64-unknown-linux-gnu'
ac_cv_objext='o'
ac_cv_path_GMSGFMT='no'
ac_cv_path_MSGFMT='no'
ac_cv_path_XGETTEXT=':'
ac_cv_prog_AR='ar'
ac_cv_prog_AWK='mawk'
ac_cv_prog_CC='gcc'
ac_cv_prog_CPP='gcc -E'
ac_cv_prog_RANLIB='ranlib'
ac_cv_prog_ac_ct_STRIP='strip'
ac_cv_prog_cc_can_build_shared='yes'
ac_cv_prog_cc_g='yes'
ac_cv_prog_cc_no_builtin=''
ac_cv_prog_cc_pic=' -fPIC -DPIC'
ac_cv_prog_cc_pic_works='yes'
ac_cv_prog_cc_shlib=''
ac_cv_prog_cc_static='-static'
ac_cv_prog_cc_static_works='yes'
ac_cv_prog_cc_stdc=''
ac_cv_prog_cc_wl='-Wl,'
ac_cv_prog_egrep='grep -E'
ac_cv_prog_make_make_set='yes'
ac_cv_search_opendir='none required'
ac_cv_search_strerror='none required'
ac_cv_sizeof_long='8'
ac_cv_sizeof_long_long='8'
ac_cv_sizeof_off_t='8'
ac_cv_target='mips-harvard-os161'
ac_cv_target_alias='mips-harvard-os161'
ac_cv_type_long='yes'
ac_cv_type_long_long='yes'
ac_cv_type_off_t='yes'
ac_cv_type_size_t='yes'
ac_cv_working_alloca_h='yes'
am_cv_CC_dependencies_compiler_type='none'
am_cv_val_LC_MESSAGES='yes'
bfd_cv_has_long_long='yes'
gcc_cv_header_string='yes'
gt_cv_func_gettext_libc='yes'
lt_cv_compiler_c_o='yes'
lt_cv_deplibs_check_method='pass_all'
lt_cv_file_magic_cmd='$MAGIC_CMD'
lt_cv_file_magic_test_file=''
lt_cv_ld_reload_flag='-r'
lt_cv_path_LD='ld'
lt_cv_path_NM='nm'
lt_cv_prog_gnu_ld='yes'
lt_cv_sys_max_cmd_len='49153'
nls_cv_force_use_gnu_gettext='no'
nls_cv_header_intl='libintl.h'
nls_cv_header_libgt='libgettext.h'
nls_cv_use_gnu_gettext='yes'

## ----------------- ##
## Output variables. ##
## ----------------- ##

ACLOCAL='${SHELL} /home/cse4001/os161/toolbuild/binutils-2.17+os161-2.0.1/missing --run aclocal-1.9'
ALLOCA=''
AMDEPBACKSLASH='\'
AMDEP_FALSE='#'
AMDEP_TRUE=''
AMTAR='${SHELL} /home/cse4001/os161/toolbuild/binutils-2.17+os161-2.0.1/missing --run tar'
AR='ar'
AUTOCONF='${SHELL} /home/cse4001/os161/toolbuild/binutils-2.17+os161-2.0.1/missing --run autoconf'
AUTOHEADER='${SHELL} /home/cse4001/os161/toolbuild/binutils-2.17+os161-2.0.1/missing --run autoheader'
AUTOMAKE='${SHELL} /home/cse4001/os161/toolbuild/binutils-2.17+os161-2.0.1/missing --run automake-1.9'
AWK='mawk'
BFD_HOST_64BIT_LONG='1'
BFD_HOST_64_BIT='long'
BFD_HOST_64_BIT_DEFINED='1'
BFD_HOST_LONG_LONG='1'
BFD_HOST_U_64_BIT='unsigned long'
CATALOGS=''
CATOBJEXT=''
CC='gcc'
CCDEPMODE='depmode=none'
CC_FOR_BUILD='gcc'
CFLAGS='-g -O2 '
COREFILE=''
COREFLAG=''
CPP='gcc -E'
CPPFLAGS=''
CYGPATH_W='echo'
DATADIRNAME='share'
DEFS='-DHAVE_CONFIG_H'
DEPDIR='.deps'
ECHO_C='ECHO_N=''
ECHO_T=''
EGREP='grep -E'
EXEEXT=''
EXEEXT_FOR_BUILD='$(EXEEXT)'
GMOFILES=' fr.gmo tr.gmo ja.gmo es.gmo sv.gmo da.gmo zh_CN.gmo ro.gmo rw.gmo vi.gmo'
GMSGFMT=''
GT_NO=''
GT_YES='#YES#'
HDEFINES=''
INCLUDE_LOCALE_H='#include <locale.h>'
INSTALL_DATA='/usr/bin/install -c -m 644'
INSTALL_LIBBFD_FALSE=''
INSTALL_LIBBFD_TRUE='#'
INSTALL_PROGRAM='/usr/bin/install -c'
INSTALL_SCRIPT='/usr/bin/install -c'
INSTALL_STRIP_PROGRAM='${SHELL} $(install_sh) -c -s'
INSTOBJEXT=''
INTLDEPS=''
INTLLIBS=''
INTLOBJS=''
LDFLAGS=''
LIBOBJS=''
LIBS=''
LIBTOOL='$(SHELL) $(top_builddir)/libtool'
LN_S='ln -s'
LTLIBOBJS=''
MAINT='#'
MAINTAINER_MODE_FALSE=''
MAINTAINER_MODE_TRUE='#'
MAKEINFO='/home/cse4001/os161/toolbuild/binutils-2.17+os161-2.0.1/missing makeinfo --split-size=5000000'
MKINSTALLDIRS='$(srcdir)/../../mkinstalldirs'
MSGFMT=''
NO_WERROR=''
OBJEXT='o'
PACKAGE='bfd'
PACKAGE_BUGREPORT=''
PACKAGE_NAME=''
PACKAGE_STRING=''
PACKAGE_TARNAME=''
PACKAGE_VERSION=''
PATH_SEPARATOR=':'
POFILES=' fr.po tr.po ja.po es.po sv.po da.po zh_CN.po ro.po rw.po vi.po'
POSUB=''
RANLIB='ranlib'
SET_MAKE=''
SHELL='/bin/sh'
STRIP='strip'
TDEFINES=' '
USE_INCLUDED_LIBINTL='no'
USE_NLS='no'
VERSION='2.17'
WARN_CFLAGS='-W -Wall -Wstrict-prototypes -Wmissing-prototypes'
WIN32LDFLAGS=''
WIN32LIBADD=''
XGETTEXT=''
ac_ct_AR=''
ac_ct_CC=''
ac_ct_RANLIB=''
ac_ct_STRIP='strip'
all_backends='$(BFD64_BACKENDS) $(BFD32_BACKENDS)'
am__fastdepCC_FALSE=''
am__fastdepCC_TRUE='#'
am__include='include'
am__leading_dot='.'
am__quote=''
am__tar='${AMTAR} chof - "$$tardir"'
am__untar='${AMTAR} xf -'
bfd_backends=' elf32-mips.lo elfxx-mips.lo elf-vxworks.lo elf32.lo elf.lo elflink.lo elf-strtab.lo elf-eh-frame.lo dwarf1.lo ecofflink.lo elf64-mips.lo elf64.lo elf64-gen.lo elf32-gen.lo'
bfd_default_target_size='32'
bfd_file_ptr='BFD_HOST_64_BIT'
bfd_libs='$(BFD64_LIBS) $(BFD32_LIBS)'
bfd_machines=' cpu-mips.lo'
bfd_ufile_ptr='BFD_HOST_U_64_BIT'
bfdincludedir='$(exec_prefix)/$(host_noncanonical)/$(target_noncanonical)/include'
bfdlibdir='$(exec_prefix)/$(host_noncanonical)/$(target_noncanonical)/lib'
bindir='${exec_prefix}/bin'
build='x86_64-unknown-linux-gnu'
build_alias='x86_64-unknown-linux-gnu'
build_cpu='x86_64'
build_os='linux-gnu'
build_vendor='unknown'
datadir='${prefix}/share'
datarootdir='/home/cse4001/os161/tools/share'
docdir='/home/cse4001/os161/tools/share/doc'
exec_prefix='${prefix}'
host='x86_64-unknown-linux-gnu'
host_alias='x86_64-unknown-linux-gnu'
host_cpu='x86_64'
host_noncanonical='x86_64-unknown-linux-gnu'
host_os='linux-gnu'
host_vendor='unknown'
htmldir='/home/cse4001/os161/tools/share/doc'
includedir='${prefix}/include'
infodir='${prefix}/info'
install_sh='/home/cse4001/os161/toolbuild/binutils-2.17+os161-2.0.1/install-sh'
l=''
libdir='${exec_prefix}/lib'
libexecdir='${exec_prefix}/libexec'
localstatedir='${prefix}/var'
mandir='${prefix}/man'
mkdir_p='mkdir -p --'
oldincludedir='/usr/include'
prefix='/home/cse4001/os161/tools'
program_transform_name='s,^,mips-harvard-os161-,;'
sbindir='${exec_prefix}/sbin'
sharedstatedir='${prefix}/com'
sysconfdir='${prefix}/etc'
target='mips-harvard-os161'
target_alias='mips-harvard-os161'
target_cpu='mips'
target_noncanonical='mips-harvard-os161'
target_os='os161'
target_vendor='harvard'
tdefaults=' -DDEFAULT_VECTOR=bfd_elf32_tradbigmips_vec -DSELECT_VECS='&bfd_elf32_tradbigmips_vec,&bfd_elf32_tradlittlemips_vec,&bfd_elf64_tradbigmips_vec,&bfd_elf64_tradlittlemips_vec,&bfd_elf64_little_generic_vec,&bfd_elf64_big_generic_vec,&bfd_elf32_little_generic_vec,&bfd_elf32_big_generic_vec' -DSELECT_ARCHITECTURES='&bfd_mips_arch' -DHAVE_bfd_elf32_tradbigmips_vec -DHAVE_bfd_elf32_tradlittlemips_vec -DHAVE_bfd_elf64_tradbigmips_vec -DHAVE_bfd_elf64_tradlittlemips_vec -DHAVE_bfd_elf64_little_generic_vec -DHAVE_bfd_elf64_big_generic_vec -DHAVE_bfd_elf32_little_generic_vec -DHAVE_bfd_elf32_big_generic_vec'
wordsize='64'

## ----------- ##
## confdefs.h. ##
## ----------- ##

#define HAVE_ALLOCA 1
#define HAVE_ALLOCA_H 1
#define HAVE_ARGZ_H 1
#define HAVE_DECL_BASENAME 1
#define HAVE_DECL_FFS 1
#define HAVE_DECL_FREE 1
#define HAVE_DECL_FSEEKO 1
#define HAVE_DECL_FSEEKO64 1
#define HAVE_DECL_FTELLO 1
#define HAVE_DECL_FTELLO64 1
#define HAVE_DECL_GETENV 1
#define HAVE_DECL_MALLOC 1
#define HAVE_DECL_REALLOC 1
#define HAVE_DECL_SNPRINTF 1
#define HAVE_DECL_STPCPY 1
#define HAVE_DECL_STRSTR 1
#define HAVE_DECL_VSNPRINTF 1
#define HAVE_DIRENT_H 1
#define HAVE_FCNTL 1
#define HAVE_FCNTL_H 1
#define HAVE_FDOPEN 1
#define HAVE_FOPEN64 1
#define HAVE_FSEEKO 1
#define HAVE_FSEEKO64 1
#define HAVE_FTELLO 1
#define HAVE_FTELLO64 1
#define HAVE_GETCWD 1
#define HAVE_GETGID 1
#define HAVE_GETPAGESIZE 1
#define HAVE_GETPAGESIZE 1
#define HAVE_GETPAGESIZE 1
#define HAVE_GETUID 1
#define HAVE_INTTYPES_H 1
#define HAVE_LC_MESSAGES 1
#define HAVE_LIMITS_H 1
#define HAVE_LOCALE_H 1
#define HAVE_MADVISE 1
#define HAVE_MALLOC_H 1
#define HAVE_MEMORY_H 1
#define HAVE_MMAP 1
#define HAVE_MMAP 1
#define HAVE_MPROTECT 1
#define HAVE_MUNMAP 1
#define HAVE_NL_TYPES_H 1
#define HAVE_PUTENV 1
#define HAVE_SETENV 1
#define HAVE_SETITIMER 1
#define HAVE_SETLOCALE 1
#define HAVE_STDDEF_H 1
#define HAVE_STDINT_H 1
#define HAVE_STDLIB_H 1
#define HAVE_STDLIB_H 1
#define HAVE_STDLIB_H 1
#define HAVE_STDLIB_H 1
#define HAVE_STPCPY 1
#define HAVE_STRCASECMP 1
#define HAVE_STRCHR 1
#define HAVE_STRINGS_H 1
#define HAVE_STRINGS_H 1
#define HAVE_STRING_H 1
#define HAVE_STRING_H 1
#define HAVE_STRING_H 1
#define HAVE_STRTOULL 1
#define HAVE_SYSCONF 1
#define HAVE_SYS_FILE_H 1
#define HAVE_SYS_PARAM_H 1
#define HAVE_SYS_STAT_H 1
#define HAVE_SYS_TIME_H 1
#define HAVE_SYS_TYPES_H 1
#define HAVE_TIME_H 1
#define HAVE_UNISTD_H 1
#define HAVE_UNISTD_H 1
#define HAVE_UNISTD_H 1
#define HAVE_UNISTD_H 1
#define HAVE_UNISTD_H 1
#define HAVE_VALUES_H 1
#define HAVE___ARGZ_COUNT 1
#define HAVE___ARGZ_NEXT 1
#define HAVE___ARGZ_STRINGIFY 1
#define PACKAGE "bfd"
#define PACKAGE_BUGREPORT ""
#define PACKAGE_NAME ""
#define PACKAGE_STRING ""
#define PACKAGE_TARNAME ""
#define PACKAGE_VERSION ""
#define SIZEOF_LONG 8
#define SIZEOF_LONG_LONG 8
#define SIZEOF_OFF_T 8
#define STDC_HEADERS 1
#define STRING_WITH_STRINGS 1
#define TIME_WITH_SYS_TIME 1
#define VERSION "2.17"
#define _GNU_SOURCE 1

configure: exit 0
