This file contains any messages produced by compilers while
running configure, to aid debugging if configure makes a mistake.

It was created by configure, which was
generated by GNU Autoconf 2.59.  Invocation command line was

  $ /home/cse4001/os161/toolbuild/gdb-6.6+os161-2.0/opcodes/configure --cache-file=./config.cache --build=x86_64-unknown-linux-gnu --host=x86_64-unknown-linux-gnu --target=mips-harvard-os161 --with-stabs --disable-werror --prefix=/home/cse4001/os161/tools --program-transform-name=s,^,mips-harvard-os161-,;  --srcdir=.././opcodes

## --------- ##
## Platform. ##
## --------- ##

hostname = cse4001
uname -m = x86_64
uname -r = 3.13.0-32-generic
uname -s = Linux
uname -v = #57-Ubuntu SMP Tue Jul 15 03:51:08 UTC 2014

/usr/bin/uname -p = unknown
/bin/uname -X     = unknown

/bin/arch              = unknown
/usr/bin/arch -k       = unknown
/usr/convex/getsysinfo = unknown
hostinfo               = unknown
/bin/machine           = unknown
/usr/bin/oslevel       = unknown
/bin/universe          = unknown

PATH: /usr/local/sbin
PATH: /usr/local/bin
PATH: /usr/sbin
PATH: /usr/bin
PATH: /sbin
PATH: /bin
PATH: /usr/games
PATH: /usr/local/games
PATH: /home/cse4001/os161/tools/bin


## ----------- ##
## Core tests. ##
## ----------- ##

configure:1242: creating cache ./config.cache
configure:1355: checking build system type
configure:1373: result: x86_64-unknown-linux-gnu
configure:1381: checking host system type
configure:1395: result: x86_64-unknown-linux-gnu
configure:1403: checking target system type
configure:1417: result: mips-harvard-os161
configure:1439: checking for x86_64-unknown-linux-gnu-gcc
configure:1465: result: gcc
configure:1747: checking for C compiler version
configure:1750: gcc --version </dev/null >&5
gcc (Ubuntu 4.8.2-19ubuntu1) 4.8.2
Copyright (C) 2013 Free Software Foundation, Inc.
This is free software; see the source for copying conditions.  There is NO
warranty; not even for MERCHANTABILITY or FITNESS FOR A PARTICULAR PURPOSE.

configure:1753: $? = 0
configure:1755: gcc -v </dev/null >&5
Using built-in specs.
COLLECT_GCC=gcc
COLLECT_LTO_WRAPPER=/usr/lib/gcc/x86_64-linux-gnu/4.8/lto-wrapper
Target: x86_64-linux-gnu
Configured with: ../src/configure -v --with-pkgversion='Ubuntu 4.8.2-19ubuntu1' --with-bugurl=file:///usr/share/doc/gcc-4.8/README.Bugs --enable-languages=c,c++,java,go,d,fortran,objc,obj-c++ --prefix=/usr --program-suffix=-4.8 --enable-shared --enable-linker-build-id --libexecdir=/usr/lib --without-included-gettext --enable-threads=posix --with-gxx-include-dir=/usr/include/c++/4.8 --libdir=/usr/lib --enable-nls --with-sysroot=/ --enable-clocale=gnu --enable-libstdcxx-debug --enable-libstdcxx-time=yes --enable-gnu-unique-object --disable-libmudflap --enable-plugin --with-system-zlib --disable-browser-plugin --enable-java-awt=gtk --enable-gtk-cairo --with-java-home=/usr/lib/jvm/java-1.5.0-gcj-4.8-amd64/jre --enable-java-home --with-jvm-root-dir=/usr/lib/jvm/java-1.5.0-gcj-4.8-amd64 --with-jvm-jar-dir=/usr/lib/jvm-exports/java-1.5.0-gcj-4.8-amd64 --with-arch-directory=amd64 --with-ecj-jar=/usr/share/java/eclipse-ecj.jar --enable-objc-gc --enable-multiarch --disable-werror --with-arch-32=i686 --with-abi=m64 --with-multilib-list=m32,m64,mx32 --with-tune=generic --enable-checking=release --build=x86_64-linux-gnu --host=x86_64-linux-gnu --target=x86_64-linux-gnu
Thread model: posix
gcc version 4.8.2 (Ubuntu 4.8.2-19ubuntu1) 
configure:1758: $? = 0
configure:1760: gcc -V </dev/null >&5
gcc: error: unrecognized command line option '-V'
gcc: fatal error: no input files
compilation terminated.
configure:1763: $? = 4
configure:1786: checking for C compiler default output file name
configure:1789: gcc -g -O2   conftest.c  >&5
configure:1792: $? = 0
configure:1838: result: a.out
configure:1843: checking whether the C compiler works
configure:1849: ./a.out
configure:1852: $? = 0
configure:1869: result: yes
configure:1876: checking whether we are cross compiling
configure:1878: result: no
configure:1881: checking for suffix of executables
configure:1883: gcc -o conftest -g -O2   conftest.c  >&5
configure:1886: $? = 0
configure:1911: result: 
configure:1917: checking for suffix of object files
configure:1938: gcc -c -g -O2  conftest.c >&5
configure:1941: $? = 0
configure:1963: result: o
configure:1967: checking whether we are using the GNU C compiler
configure:1991: gcc -c -g -O2  conftest.c >&5
configure:1997: $? = 0
configure:2001: test -z 
			 || test ! -s conftest.err
configure:2004: $? = 0
configure:2007: test -s conftest.o
configure:2010: $? = 0
configure:2023: result: yes
configure:2029: checking whether gcc accepts -g
configure:2050: gcc -c -g  conftest.c >&5
configure:2056: $? = 0
configure:2060: test -z 
			 || test ! -s conftest.err
configure:2063: $? = 0
configure:2066: test -s conftest.o
configure:2069: $? = 0
configure:2080: result: yes
configure:2097: checking for gcc option to accept ANSI C
configure:2167: gcc  -c -g -O2  conftest.c >&5
configure:2173: $? = 0
configure:2177: test -z 
			 || test ! -s conftest.err
configure:2180: $? = 0
configure:2183: test -s conftest.o
configure:2186: $? = 0
configure:2204: result: none needed
configure:2222: gcc -c -g -O2  conftest.c >&5
conftest.c:2:3: error: unknown type name 'choke'
   choke me
   ^
conftest.c:2:3: error: expected '=', ',', ';', 'asm' or '__attribute__' at end of input
configure:2228: $? = 1
configure: failed program was:
| #ifndef __cplusplus
|   choke me
| #endif
configure:2362: checking for library containing strerror
configure:2392: gcc -o conftest -g -O2   conftest.c  >&5
configure:2398: $? = 0
configure:2402: test -z 
			 || test ! -s conftest.err
configure:2405: $? = 0
configure:2408: test -s conftest
configure:2411: $? = 0
configure:2481: result: none required
configure:2508: checking for a BSD-compatible install
configure:2563: result: /usr/bin/install -c
configure:2574: checking whether build environment is sane
configure:2617: result: yes
configure:2682: checking for gawk
configure:2711: result: no
configure:2682: checking for mawk
configure:2698: found /usr/bin/mawk
configure:2708: result: mawk
configure:2718: checking whether make sets $(MAKE)
configure:2738: result: yes
configure:2768: checking for style of include used by make
configure:2796: result: GNU
configure:2972: checking dependency style of gcc
configure:3062: result: none
configure:3084: checking for x86_64-unknown-linux-gnu-ar
configure:3110: result: ar
configure:3163: checking for x86_64-unknown-linux-gnu-ranlib
configure:3189: result: ranlib
configure:3319: checking for ld used by GCC
configure:3382: result: ld
configure:3391: checking if the linker (ld) is GNU ld
GNU ld (GNU Binutils for Ubuntu) 2.24
configure:3403: result: yes
configure:3408: checking for ld option to reload object files
configure:3415: result: -r
configure:3420: checking for BSD-compatible nm
configure:3456: result: nm
configure:3459: checking whether ln -s works
configure:3463: result: yes
configure:3470: checking how to recognise dependant libraries
configure:3633: result: pass_all
configure:3644: checking the maximum length of command line arguments
configure:3699: result: none
configure:3846: checking for x86_64-unknown-linux-gnu-ranlib
configure:3872: result: ranlib
configure:3926: checking for x86_64-unknown-linux-gnu-strip
configure:3955: result: no
configure:3964: checking for strip
configure:3980: found /usr/bin/strip
configure:3991: result: strip
configure:4095: gcc -c -g -O2  conftest.c >&5
configure:4098: $? = 0
configure:4294: loading cache ./config.cache
ce PIC
ltconfig:687:checking that gcc PIC flag -fPIC -DPIC works.
ltconfig:697: gcc -c -g -O2 -fPIC -DPIC -DPIC  conftest.c 1>&5
ltconfig:749: checking if gcc static flag -static works
ltconfig:758: gcc -o conftest -g -O2   -static conftest.c  1>&5
ltconfig:780: finding the maximum length of command line arguments
ltconfig:@lineno@: result: 49153
ltconfig:833: checking if gcc supports -c -o file.o
ltconfig:834: gcc -c -g -O2 -o out/conftest2.o  conftest.c 1>&5
ltconfig:887: checking if gcc supports -fno-rtti -fno-exceptions
ltconfig:888: gcc -c -g -O2 -fno-rtti -fno-exceptions -c conftest.c  conftest.c 1>&5
ltconfig:1431: checking if global_symbol_pipe works
ltconfig:1432: gcc -c -g -O2  conftest.c 1>&5
ltconfig:1435: eval "nm conftest.o | sed -n -e 's/^.*[ 	]\([ABCDGISTW][ABCDGISTW]*\)[ 	][ 	]*\(\)\([_A-Za-z][_A-Za-z0-9]*\)$/  /p' > conftest.nm"
ltconfig:1487: gcc -o conftest -g -O2 -fno-builtin   conftest.c conftstm.o 1>&5
configure:4409: checking whether to enable maintainer-specific portions of Makefiles
configure:4418: result: no
configure:4448: checking whether to install libbfd
configure:4461: result: no
configure:4501: checking for x86_64-unknown-linux-gnu-gcc
configure:4527: result: gcc
configure:4809: checking for C compiler version
configure:4812: gcc --version </dev/null >&5
gcc (Ubuntu 4.8.2-19ubuntu1) 4.8.2
Copyright (C) 2013 Free Software Foundation, Inc.
This is free software; see the source for copying conditions.  There is NO
warranty; not even for MERCHANTABILITY or FITNESS FOR A PARTICULAR PURPOSE.

configure:4815: $? = 0
configure:4817: gcc -v </dev/null >&5
Using built-in specs.
COLLECT_GCC=gcc
COLLECT_LTO_WRAPPER=/usr/lib/gcc/x86_64-linux-gnu/4.8/lto-wrapper
Target: x86_64-linux-gnu
Configured with: ../src/configure -v --with-pkgversion='Ubuntu 4.8.2-19ubuntu1' --with-bugurl=file:///usr/share/doc/gcc-4.8/README.Bugs --enable-languages=c,c++,java,go,d,fortran,objc,obj-c++ --prefix=/usr --program-suffix=-4.8 --enable-shared --enable-linker-build-id --libexecdir=/usr/lib --without-included-gettext --enable-threads=posix --with-gxx-include-dir=/usr/include/c++/4.8 --libdir=/usr/lib --enable-nls --with-sysroot=/ --enable-clocale=gnu --enable-libstdcxx-debug --enable-libstdcxx-time=yes --enable-gnu-unique-object --disable-libmudflap --enable-plugin --with-system-zlib --disable-browser-plugin --enable-java-awt=gtk --enable-gtk-cairo --with-java-home=/usr/lib/jvm/java-1.5.0-gcj-4.8-amd64/jre --enable-java-home --with-jvm-root-dir=/usr/lib/jvm/java-1.5.0-gcj-4.8-amd64 --with-jvm-jar-dir=/usr/lib/jvm-exports/java-1.5.0-gcj-4.8-amd64 --with-arch-directory=amd64 --with-ecj-jar=/usr/share/java/eclipse-ecj.jar --enable-objc-gc --enable-multiarch --disable-werror --with-arch-32=i686 --with-abi=m64 --with-multilib-list=m32,m64,mx32 --with-tune=generic --enable-checking=release --build=x86_64-linux-gnu --host=x86_64-linux-gnu --target=x86_64-linux-gnu
Thread model: posix
gcc version 4.8.2 (Ubuntu 4.8.2-19ubuntu1) 
configure:4820: $? = 0
configure:4822: gcc -V </dev/null >&5
gcc: error: unrecognized command line option '-V'
gcc: fatal error: no input files
compilation terminated.
configure:4825: $? = 4
configure:4828: checking whether we are using the GNU C compiler
configure:4884: result: yes
configure:4890: checking whether gcc accepts -g
configure:4941: result: yes
configure:4958: checking for gcc option to accept ANSI C
configure:5065: result: none needed
configure:5083: gcc -c -g -O2  conftest.c >&5
conftest.c:2:3: error: unknown type name 'choke'
   choke me
   ^
conftest.c:2:3: error: expected '=', ',', ';', 'asm' or '__attribute__' at end of input
configure:5089: $? = 1
configure: failed program was:
| #ifndef __cplusplus
|   choke me
| #endif
configure:5237: checking whether NLS is requested
configure:5243: result: yes
configure:5251: checking for catalogs to be installed
configure:5283: result:  da de es fi fr ga id nl pt_BR ro sv tr vi zh_CN da de es fi fr ga id nl pt_BR ro sv tr vi zh_CN
configure:5310: checking whether NLS is requested
configure:5319: result: yes
configure:5357: checking for msgfmt
configure:5391: result: no
configure:5397: checking for gmsgfmt
configure:5428: result: :
configure:5467: checking for xgettext
configure:5501: result: no
configure:5538: checking for msgmerge
configure:5571: result: no
configure:5658: checking for a BSD-compatible install
configure:5713: result: /usr/bin/install -c
configure:5730: checking how to run the C preprocessor
configure:5765: gcc -E  conftest.c
configure:5771: $? = 0
configure:5803: gcc -E  conftest.c
conftest.c:12:28: fatal error: ac_nonexistent.h: No such file or directory
 #include <ac_nonexistent.h>
                            ^
compilation terminated.
configure:5809: $? = 1
configure: failed program was:
| /* confdefs.h.  */
| 
| #define PACKAGE_NAME ""
| #define PACKAGE_TARNAME ""
| #define PACKAGE_VERSION ""
| #define PACKAGE_STRING ""
| #define PACKAGE_BUGREPORT ""
| #define PACKAGE "opcodes"
| #define VERSION "2.17.50"
| #define ENABLE_NLS 1
| /* end confdefs.h.  */
| #include <ac_nonexistent.h>
configure:5848: result: gcc -E
configure:5872: gcc -E  conftest.c
configure:5878: $? = 0
configure:5910: gcc -E  conftest.c
conftest.c:12:28: fatal error: ac_nonexistent.h: No such file or directory
 #include <ac_nonexistent.h>
                            ^
compilation terminated.
configure:5916: $? = 1
configure: failed program was:
| /* confdefs.h.  */
| 
| #define PACKAGE_NAME ""
| #define PACKAGE_TARNAME ""
| #define PACKAGE_VERSION ""
| #define PACKAGE_STRING ""
| #define PACKAGE_BUGREPORT ""
| #define PACKAGE "opcodes"
| #define VERSION "2.17.50"
| #define ENABLE_NLS 1
| /* end confdefs.h.  */
| #include <ac_nonexistent.h>
configure:5960: checking for egrep
configure:5970: result: grep -E
configure:5975: checking for ANSI C header files
configure:6000: gcc -c -g -O2  conftest.c >&5
configure:6006: $? = 0
configure:6010: test -z 
			 || test ! -s conftest.err
configure:6013: $? = 0
configure:6016: test -s conftest.o
configure:6019: $? = 0
configure:6108: gcc -o conftest -g -O2   conftest.c  >&5
conftest.c: In function 'main':
conftest.c:29:7: warning: incompatible implicit declaration of built-in function 'exit' [enabled by default]
       exit(2);
       ^
configure:6111: $? = 0
configure:6113: ./conftest
configure:6116: $? = 0
configure:6131: result: yes
configure:6155: checking for sys/types.h
configure:6171: gcc -c -g -O2  conftest.c >&5
configure:6177: $? = 0
configure:6181: test -z 
			 || test ! -s conftest.err
configure:6184: $? = 0
configure:6187: test -s conftest.o
configure:6190: $? = 0
configure:6201: result: yes
configure:6155: checking for sys/stat.h
configure:6171: gcc -c -g -O2  conftest.c >&5
configure:6177: $? = 0
configure:6181: test -z 
			 || test ! -s conftest.err
configure:6184: $? = 0
configure:6187: test -s conftest.o
configure:6190: $? = 0
configure:6201: result: yes
configure:6155: checking for stdlib.h
configure:6171: gcc -c -g -O2  conftest.c >&5
configure:6177: $? = 0
configure:6181: test -z 
			 || test ! -s conftest.err
configure:6184: $? = 0
configure:6187: test -s conftest.o
configure:6190: $? = 0
configure:6201: result: yes
configure:6155: checking for string.h
configure:6171: gcc -c -g -O2  conftest.c >&5
configure:6177: $? = 0
configure:6181: test -z 
			 || test ! -s conftest.err
configure:6184: $? = 0
configure:6187: test -s conftest.o
configure:6190: $? = 0
configure:6201: result: yes
configure:6155: checking for memory.h
configure:6171: gcc -c -g -O2  conftest.c >&5
configure:6177: $? = 0
configure:6181: test -z 
			 || test ! -s conftest.err
configure:6184: $? = 0
configure:6187: test -s conftest.o
configure:6190: $? = 0
configure:6201: result: yes
configure:6155: checking for strings.h
configure:6171: gcc -c -g -O2  conftest.c >&5
configure:6177: $? = 0
configure:6181: test -z 
			 || test ! -s conftest.err
configure:6184: $? = 0
configure:6187: test -s conftest.o
configure:6190: $? = 0
configure:6201: result: yes
configure:6155: checking for inttypes.h
configure:6171: gcc -c -g -O2  conftest.c >&5
configure:6177: $? = 0
configure:6181: test -z 
			 || test ! -s conftest.err
configure:6184: $? = 0
configure:6187: test -s conftest.o
configure:6190: $? = 0
configure:6201: result: yes
configure:6155: checking for stdint.h
configure:6171: gcc -c -g -O2  conftest.c >&5
configure:6177: $? = 0
configure:6181: test -z 
			 || test ! -s conftest.err
configure:6184: $? = 0
configure:6187: test -s conftest.o
configure:6190: $? = 0
configure:6201: result: yes
configure:6155: checking for unistd.h
configure:6171: gcc -c -g -O2  conftest.c >&5
configure:6177: $? = 0
configure:6181: test -z 
			 || test ! -s conftest.err
configure:6184: $? = 0
configure:6187: test -s conftest.o
configure:6190: $? = 0
configure:6201: result: yes
configure:6220: checking for string.h
configure:6225: result: yes
configure:6220: checking for strings.h
configure:6225: result: yes
configure:6220: checking for stdlib.h
configure:6225: result: yes
configure:6366: checking whether basename is declared
configure:6390: gcc -c -g -O2  conftest.c >&5
conftest.c: In function 'main':
conftest.c:63:22: error: 'basename' undeclared (first use in this function)
   char *p = (char *) basename;
                      ^
conftest.c:63:22: note: each undeclared identifier is reported only once for each function it appears in
configure:6396: $? = 1
configure: failed program was:
| /* confdefs.h.  */
| 
| #define PACKAGE_NAME ""
| #define PACKAGE_TARNAME ""
| #define PACKAGE_VERSION ""
| #define PACKAGE_STRING ""
| #define PACKAGE_BUGREPORT ""
| #define PACKAGE "opcodes"
| #define VERSION "2.17.50"
| #define ENABLE_NLS 1
| #define STDC_HEADERS 1
| #define HAVE_SYS_TYPES_H 1
| #define HAVE_SYS_STAT_H 1
| #define HAVE_STDLIB_H 1
| #define HAVE_STRING_H 1
| #define HAVE_MEMORY_H 1
| #define HAVE_STRINGS_H 1
| #define HAVE_INTTYPES_H 1
| #define HAVE_STDINT_H 1
| #define HAVE_UNISTD_H 1
| #define HAVE_STRING_H 1
| #define HAVE_STRINGS_H 1
| #define HAVE_STDLIB_H 1
| /* end confdefs.h.  */
| #include <stdio.h>
| #if HAVE_SYS_TYPES_H
| # include <sys/types.h>
| #endif
| #if HAVE_SYS_STAT_H
| # include <sys/stat.h>
| #endif
| #if STDC_HEADERS
| # include <stdlib.h>
| # include <stddef.h>
| #else
| # if HAVE_STDLIB_H
| #  include <stdlib.h>
| # endif
| #endif
| #if HAVE_STRING_H
| # if !STDC_HEADERS && HAVE_MEMORY_H
| #  include <memory.h>
| # endif
| # include <string.h>
| #endif
| #if HAVE_STRINGS_H
| # include <strings.h>
| #endif
| #if HAVE_INTTYPES_H
| # include <inttypes.h>
| #else
| # if HAVE_STDINT_H
| #  include <stdint.h>
| # endif
| #endif
| #if HAVE_UNISTD_H
| # include <unistd.h>
| #endif
| int
| main ()
| {
| #ifndef basename
|   char *p = (char *) basename;
| #endif
| 
|   ;
|   return 0;
| }
configure:6420: result: no
configure:6783: creating ./config.status

## ---------------------- ##
## Running config.status. ##
## ---------------------- ##

This file was extended by config.status, which was
generated by GNU Autoconf 2.59.  Invocation command line was

  CONFIG_FILES    = 
  CONFIG_HEADERS  = 
  CONFIG_LINKS    = 
  CONFIG_COMMANDS = 
  $ ./config.status 

on cse4001

config.status:7583: creating Makefile
config.status:7583: creating po/Makefile.in
config.status:7686: creating config.h
config.status:8010: executing depfiles commands
config.status:8010: executing default-1 commands

## ---------------- ##
## Cache variables. ##
## ---------------- ##

ac_cv_archive_cmds_needs_lc='yes'
ac_cv_build='x86_64-unknown-linux-gnu'
ac_cv_build_alias='x86_64-unknown-linux-gnu'
ac_cv_c_compiler_gnu='yes'
ac_cv_env_CC_set='set'
ac_cv_env_CC_value='gcc'
ac_cv_env_CFLAGS_set='set'
ac_cv_env_CFLAGS_value='-g -O2'
ac_cv_env_CPPFLAGS_set=''
ac_cv_env_CPPFLAGS_value=''
ac_cv_env_CPP_set=''
ac_cv_env_CPP_value=''
ac_cv_env_LDFLAGS_set='set'
ac_cv_env_LDFLAGS_value=''
ac_cv_env_build_alias_set='set'
ac_cv_env_build_alias_value='x86_64-unknown-linux-gnu'
ac_cv_env_host_alias_set='set'
ac_cv_env_host_alias_value='x86_64-unknown-linux-gnu'
ac_cv_env_target_alias_set='set'
ac_cv_env_target_alias_value='mips-harvard-os161'
ac_cv_exeext=''
ac_cv_have_decl_basename='no'
ac_cv_header_inttypes_h='yes'
ac_cv_header_memory_h='yes'
ac_cv_header_stdc='yes'
ac_cv_header_stdint_h='yes'
ac_cv_header_stdlib_h='yes'
ac_cv_header_string_h='yes'
ac_cv_header_strings_h='yes'
ac_cv_header_sys_stat_h='yes'
ac_cv_header_sys_types_h='yes'
ac_cv_header_unistd_h='yes'
ac_cv_host='x86_64-unknown-linux-gnu'
ac_cv_host_alias='x86_64-unknown-linux-gnu'
ac_cv_objext='o'
ac_cv_path_GMSGFMT=':'
ac_cv_path_MSGFMT=':'
ac_cv_path_MSGMERGE=':'
ac_cv_path_XGETTEXT=':'
ac_cv_prog_AR='ar'
ac_cv_prog_AWK='mawk'
ac_cv_prog_CC='gcc'
ac_cv_prog_CPP='gcc -E'
ac_cv_prog_RANLIB='ranlib'
ac_cv_prog_ac_ct_STRIP='strip'
ac_cv_prog_cc_can_build_shared='yes'
ac_cv_prog_cc_g='yes'
ac_cv_prog_cc_no_builtin=''
ac_cv_prog_cc_pic=' -fPIC -DPIC'
ac_cv_prog_cc_pic_works='yes'
ac_cv_prog_cc_shlib=''
ac_cv_prog_cc_static='-static'
ac_cv_prog_cc_static_works='yes'
ac_cv_prog_cc_stdc=''
ac_cv_prog_cc_wl='-Wl,'
ac_cv_prog_egrep='grep -E'
ac_cv_prog_make_make_set='yes'
ac_cv_search_strerror='none required'
ac_cv_target='mips-harvard-os161'
ac_cv_target_alias='mips-harvard-os161'
am_cv_CC_dependencies_compiler_type='none'
lt_cv_compiler_c_o='yes'
lt_cv_deplibs_check_method='pass_all'
lt_cv_file_magic_cmd='$MAGIC_CMD'
lt_cv_file_magic_test_file=''
lt_cv_ld_reload_flag='-r'
lt_cv_path_LD='ld'
lt_cv_path_NM='nm'
lt_cv_prog_gnu_ld='yes'
lt_cv_sys_max_cmd_len='49153'

## ----------------- ##
## Output variables. ##
## ----------------- ##

ACLOCAL='${SHELL} /home/cse4001/os161/toolbuild/gdb-6.6+os161-2.0/missing --run aclocal-1.9'
AMDEPBACKSLASH='\'
AMDEP_FALSE='#'
AMDEP_TRUE=''
AMTAR='${SHELL} /home/cse4001/os161/toolbuild/gdb-6.6+os161-2.0/missing --run tar'
AR='ar'
AUTOCONF='${SHELL} /home/cse4001/os161/toolbuild/gdb-6.6+os161-2.0/missing --run autoconf'
AUTOHEADER='${SHELL} /home/cse4001/os161/toolbuild/gdb-6.6+os161-2.0/missing --run autoheader'
AUTOMAKE='${SHELL} /home/cse4001/os161/toolbuild/gdb-6.6+os161-2.0/missing --run automake-1.9'
AWK='mawk'
BFD_MACHINES=' mips-dis.lo mips-opc.lo mips16-opc.lo'
CATALOGS=' da.gmo de.gmo es.gmo fi.gmo fr.gmo ga.gmo id.gmo nl.gmo pt_BR.gmo ro.gmo sv.gmo tr.gmo vi.gmo zh_CN.gmo da.gmo de.gmo es.gmo fi.gmo fr.gmo ga.gmo id.gmo nl.gmo pt_BR.gmo ro.gmo sv.gmo tr.gmo vi.gmo zh_CN.gmo'
CATOBJEXT='.gmo'
CC='gcc'
CCDEPMODE='depmode=none'
CC_FOR_BUILD='gcc'
CFLAGS='-g -O2'
CGEN_MAINT_FALSE=''
CGEN_MAINT_TRUE='#'
CPP='gcc -E'
CPPFLAGS=''
CYGPATH_W='echo'
DATADIRNAME='share'
DEFS='-DHAVE_CONFIG_H'
DEPDIR='.deps'
ECHO_C='ECHO_N=''
ECHO_T=''
EGREP='grep -E'
EXEEXT=''
EXEEXT_FOR_BUILD='$(EXEEXT)'
GENCAT='gencat'
GMSGFMT=':'
HDEFINES=''
INCINTL=''
INSTALL_DATA='/usr/bin/install -c -m 644'
INSTALL_LIBBFD_FALSE=''
INSTALL_LIBBFD_TRUE='#'
INSTALL_PROGRAM='/usr/bin/install -c'
INSTALL_SCRIPT='/usr/bin/install -c'
INSTALL_STRIP_PROGRAM='${SHELL} $(install_sh) -c -s'
INSTOBJEXT='.mo'
LDFLAGS=''
LIBINTL=''
LIBINTL_DEP=''
LIBOBJS=''
LIBS=''
LIBTOOL='$(SHELL) $(top_builddir)/libtool'
LN_S='ln -s'
LTLIBOBJS=''
MAINT='#'
MAINTAINER_MODE_FALSE=''
MAINTAINER_MODE_TRUE='#'
MAKEINFO='/home/cse4001/os161/toolbuild/gdb-6.6+os161-2.0/missing makeinfo --split-size=5000000'
MKINSTALLDIRS='$(top_builddir)/.././opcodes/../mkinstalldirs'
MSGFMT=':'
MSGMERGE=':'
NO_WERROR=''
OBJEXT='o'
PACKAGE='opcodes'
PACKAGE_BUGREPORT=''
PACKAGE_NAME=''
PACKAGE_STRING=''
PACKAGE_TARNAME=''
PACKAGE_VERSION=''
PATH_SEPARATOR=':'
POSUB='po'
RANLIB='ranlib'
SET_MAKE=''
SHELL='/bin/sh'
STRIP='strip'
USE_NLS='yes'
VERSION='2.17.50'
WARN_CFLAGS='-W -Wall -Wstrict-prototypes -Wmissing-prototypes'
WIN32LDFLAGS=''
WIN32LIBADD=''
XGETTEXT=':'
ac_ct_AR=''
ac_ct_CC=''
ac_ct_RANLIB=''
ac_ct_STRIP='strip'
am__fastdepCC_FALSE=''
am__fastdepCC_TRUE='#'
am__include='include'
am__leading_dot='.'
am__quote=''
am__tar='${AMTAR} chof - "$$tardir"'
am__untar='${AMTAR} xf -'
archdefs=' -DARCH_mips'
bfdincludedir='$(exec_prefix)/$(host_noncanonical)/$(target_noncanonical)/include'
bfdlibdir='$(exec_prefix)/$(host_noncanonical)/$(target_noncanonical)/lib'
bindir='${exec_prefix}/bin'
build='x86_64-unknown-linux-gnu'
build_alias='x86_64-unknown-linux-gnu'
build_cpu='x86_64'
build_os='linux-gnu'
build_vendor='unknown'
cgendir='$(srcdir)/../cgen'
datadir='${prefix}/share'
exec_prefix='${prefix}'
host='x86_64-unknown-linux-gnu'
host_alias='x86_64-unknown-linux-gnu'
host_cpu='x86_64'
host_noncanonical='x86_64-unknown-linux-gnu'
host_os='linux-gnu'
host_vendor='unknown'
includedir='${prefix}/include'
infodir='${prefix}/info'
install_sh='/home/cse4001/os161/toolbuild/gdb-6.6+os161-2.0/install-sh'
libdir='${exec_prefix}/lib'
libexecdir='${exec_prefix}/libexec'
localstatedir='${prefix}/var'
mandir='${prefix}/man'
mkdir_p='mkdir -p --'
oldincludedir='/usr/include'
prefix='/home/cse4001/os161/tools'
program_transform_name='s,^,mips-harvard-os161-,;'
sbindir='${exec_prefix}/sbin'
sharedstatedir='${prefix}/com'
sysconfdir='${prefix}/etc'
target='mips-harvard-os161'
target_alias='mips-harvard-os161'
target_cpu='mips'
target_noncanonical='mips-harvard-os161'
target_os='os161'
target_vendor='harvard'

## ----------- ##
## confdefs.h. ##
## ----------- ##

#define ENABLE_NLS 1
#define HAVE_DECL_BASENAME 0
#define HAVE_INTTYPES_H 1
#define HAVE_MEMORY_H 1
#define HAVE_STDINT_H 1
#define HAVE_STDLIB_H 1
#define HAVE_STDLIB_H 1
#define HAVE_STRINGS_H 1
#define HAVE_STRINGS_H 1
#define HAVE_STRING_H 1
#define HAVE_STRING_H 1
#define HAVE_SYS_STAT_H 1
#define HAVE_SYS_TYPES_H 1
#define HAVE_UNISTD_H 1
#define PACKAGE "opcodes"
#define PACKAGE_BUGREPORT ""
#define PACKAGE_NAME ""
#define PACKAGE_STRING ""
#define PACKAGE_TARNAME ""
#define PACKAGE_VERSION ""
#define STDC_HEADERS 1
#define VERSION "2.17.50"

configure: exit 0
