This file contains any messages produced by compilers while
running configure, to aid debugging if configure makes a mistake.

It was created by bmake configure 20100911, which was
generated by GNU Autoconf 2.64.  Invocation command line was

  $ /home/cse4001/os161/toolbuild/bmake/configure --prefix=/home/cse4001/os161/tools --with-default-sys-path=/home/cse4001/os161/tools/share/mk --with-mksrc=/home/cse4001/os161/toolbuild/bmake/mk

## --------- ##
## Platform. ##
## --------- ##

hostname = cse4001
uname -m = x86_64
uname -r = 3.13.0-32-generic
uname -s = Linux
uname -v = #57-Ubuntu SMP Tue Jul 15 03:51:08 UTC 2014

/usr/bin/uname -p = unknown
/bin/uname -X     = unknown

/bin/arch              = unknown
/usr/bin/arch -k       = unknown
/usr/convex/getsysinfo = unknown
/usr/bin/hostinfo      = unknown
/bin/machine           = unknown
/usr/bin/oslevel       = unknown
/bin/universe          = unknown

PATH: /usr/local/sbin
PATH: /usr/local/bin
PATH: /usr/sbin
PATH: /usr/bin
PATH: /sbin
PATH: /bin
PATH: /usr/games
PATH: /usr/local/games
PATH: /home/cse4001/os161/tools/bin


## ----------- ##
## Core tests. ##
## ----------- ##

configure:2365: checking for gcc
configure:2381: found /usr/bin/gcc
configure:2392: result: gcc
configure:2621: checking for C compiler version
configure:2630: gcc --version >&5
gcc (Ubuntu 4.8.2-19ubuntu1) 4.8.2
Copyright (C) 2013 Free Software Foundation, Inc.
This is free software; see the source for copying conditions.  There is NO
warranty; not even for MERCHANTABILITY or FITNESS FOR A PARTICULAR PURPOSE.

configure:2641: $? = 0
configure:2630: gcc -v >&5
Using built-in specs.
COLLECT_GCC=gcc
COLLECT_LTO_WRAPPER=/usr/lib/gcc/x86_64-linux-gnu/4.8/lto-wrapper
Target: x86_64-linux-gnu
Configured with: ../src/configure -v --with-pkgversion='Ubuntu 4.8.2-19ubuntu1' --with-bugurl=file:///usr/share/doc/gcc-4.8/README.Bugs --enable-languages=c,c++,java,go,d,fortran,objc,obj-c++ --prefix=/usr --program-suffix=-4.8 --enable-shared --enable-linker-build-id --libexecdir=/usr/lib --without-included-gettext --enable-threads=posix --with-gxx-include-dir=/usr/include/c++/4.8 --libdir=/usr/lib --enable-nls --with-sysroot=/ --enable-clocale=gnu --enable-libstdcxx-debug --enable-libstdcxx-time=yes --enable-gnu-unique-object --disable-libmudflap --enable-plugin --with-system-zlib --disable-browser-plugin --enable-java-awt=gtk --enable-gtk-cairo --with-java-home=/usr/lib/jvm/java-1.5.0-gcj-4.8-amd64/jre --enable-java-home --with-jvm-root-dir=/usr/lib/jvm/java-1.5.0-gcj-4.8-amd64 --with-jvm-jar-dir=/usr/lib/jvm-exports/java-1.5.0-gcj-4.8-amd64 --with-arch-directory=amd64 --with-ecj-jar=/usr/share/java/eclipse-ecj.jar --enable-objc-gc --enable-multiarch --disable-werror --with-arch-32=i686 --with-abi=m64 --with-multilib-list=m32,m64,mx32 --with-tune=generic --enable-checking=release --build=x86_64-linux-gnu --host=x86_64-linux-gnu --target=x86_64-linux-gnu
Thread model: posix
gcc version 4.8.2 (Ubuntu 4.8.2-19ubuntu1) 
configure:2641: $? = 0
configure:2630: gcc -V >&5
gcc: error: unrecognized command line option '-V'
gcc: fatal error: no input files
compilation terminated.
configure:2641: $? = 4
configure:2630: gcc -qversion >&5
gcc: error: unrecognized command line option '-qversion'
gcc: fatal error: no input files
compilation terminated.
configure:2641: $? = 4
configure:2663: checking for C compiler default output file name
configure:2685: gcc    conftest.c  >&5
configure:2689: $? = 0
configure:2726: result: a.out
configure:2742: checking whether the C compiler works
configure:2751: ./a.out
configure:2755: $? = 0
configure:2770: result: yes
configure:2777: checking whether we are cross compiling
configure:2779: result: no
configure:2782: checking for suffix of executables
configure:2789: gcc -o conftest    conftest.c  >&5
configure:2793: $? = 0
configure:2815: result: 
configure:2821: checking for suffix of object files
configure:2843: gcc -c   conftest.c >&5
configure:2847: $? = 0
configure:2868: result: o
configure:2872: checking whether we are using the GNU C compiler
configure:2891: gcc -c   conftest.c >&5
configure:2891: $? = 0
configure:2900: result: yes
configure:2909: checking whether gcc accepts -g
configure:2929: gcc -c -g  conftest.c >&5
configure:2929: $? = 0
configure:2970: result: yes
configure:2987: checking for gcc option to accept ISO C89
configure:3051: gcc  -c -g -O2  conftest.c >&5
configure:3051: $? = 0
configure:3064: result: none needed
configure:3090: checking how to run the C preprocessor
configure:3121: gcc -E  conftest.c
configure:3121: $? = 0
configure:3135: gcc -E  conftest.c
conftest.c:9:28: fatal error: ac_nonexistent.h: No such file or directory
 #include <ac_nonexistent.h>
                            ^
compilation terminated.
configure:3135: $? = 1
configure: failed program was:
| /* confdefs.h */
| #define PACKAGE_NAME "bmake"
| #define PACKAGE_TARNAME "bmake"
| #define PACKAGE_VERSION "20100911"
| #define PACKAGE_STRING "bmake 20100911"
| #define PACKAGE_BUGREPORT "sjg@NetBSD.org"
| #define PACKAGE_URL ""
| /* end confdefs.h.  */
| #include <ac_nonexistent.h>
configure:3160: result: gcc -E
configure:3180: gcc -E  conftest.c
configure:3180: $? = 0
configure:3194: gcc -E  conftest.c
conftest.c:9:28: fatal error: ac_nonexistent.h: No such file or directory
 #include <ac_nonexistent.h>
                            ^
compilation terminated.
configure:3194: $? = 1
configure: failed program was:
| /* confdefs.h */
| #define PACKAGE_NAME "bmake"
| #define PACKAGE_TARNAME "bmake"
| #define PACKAGE_VERSION "20100911"
| #define PACKAGE_STRING "bmake 20100911"
| #define PACKAGE_BUGREPORT "sjg@NetBSD.org"
| #define PACKAGE_URL ""
| /* end confdefs.h.  */
| #include <ac_nonexistent.h>
configure:3223: checking for grep that handles long lines and -e
configure:3281: result: /bin/grep
configure:3286: checking for egrep
configure:3348: result: /bin/grep -E
configure:3353: checking for ANSI C header files
configure:3373: gcc -c -g -O2  conftest.c >&5
configure:3373: $? = 0
configure:3446: gcc -o conftest -g -O2   conftest.c  >&5
configure:3446: $? = 0
configure:3446: ./conftest
configure:3446: $? = 0
configure:3457: result: yes
configure:3470: checking for sys/types.h
configure:3470: gcc -c -g -O2  conftest.c >&5
configure:3470: $? = 0
configure:3470: result: yes
configure:3470: checking for sys/stat.h
configure:3470: gcc -c -g -O2  conftest.c >&5
configure:3470: $? = 0
configure:3470: result: yes
configure:3470: checking for stdlib.h
configure:3470: gcc -c -g -O2  conftest.c >&5
configure:3470: $? = 0
configure:3470: result: yes
configure:3470: checking for string.h
configure:3470: gcc -c -g -O2  conftest.c >&5
configure:3470: $? = 0
configure:3470: result: yes
configure:3470: checking for memory.h
configure:3470: gcc -c -g -O2  conftest.c >&5
configure:3470: $? = 0
configure:3470: result: yes
configure:3470: checking for strings.h
configure:3470: gcc -c -g -O2  conftest.c >&5
configure:3470: $? = 0
configure:3470: result: yes
configure:3470: checking for inttypes.h
configure:3470: gcc -c -g -O2  conftest.c >&5
configure:3470: $? = 0
configure:3470: result: yes
configure:3470: checking for stdint.h
configure:3470: gcc -c -g -O2  conftest.c >&5
configure:3470: $? = 0
configure:3470: result: yes
configure:3470: checking for unistd.h
configure:3470: gcc -c -g -O2  conftest.c >&5
configure:3470: $? = 0
configure:3470: result: yes
configure:3484: checking minix/config.h usability
configure:3484: gcc -c -g -O2  conftest.c >&5
conftest.c:52:26: fatal error: minix/config.h: No such file or directory
 #include <minix/config.h>
                          ^
compilation terminated.
configure:3484: $? = 1
configure: failed program was:
| /* confdefs.h */
| #define PACKAGE_NAME "bmake"
| #define PACKAGE_TARNAME "bmake"
| #define PACKAGE_VERSION "20100911"
| #define PACKAGE_STRING "bmake 20100911"
| #define PACKAGE_BUGREPORT "sjg@NetBSD.org"
| #define PACKAGE_URL ""
| #define STDC_HEADERS 1
| #define HAVE_SYS_TYPES_H 1
| #define HAVE_SYS_STAT_H 1
| #define HAVE_STDLIB_H 1
| #define HAVE_STRING_H 1
| #define HAVE_MEMORY_H 1
| #define HAVE_STRINGS_H 1
| #define HAVE_INTTYPES_H 1
| #define HAVE_STDINT_H 1
| #define HAVE_UNISTD_H 1
| /* end confdefs.h.  */
| #include <stdio.h>
| #ifdef HAVE_SYS_TYPES_H
| # include <sys/types.h>
| #endif
| #ifdef HAVE_SYS_STAT_H
| # include <sys/stat.h>
| #endif
| #ifdef STDC_HEADERS
| # include <stdlib.h>
| # include <stddef.h>
| #else
| # ifdef HAVE_STDLIB_H
| #  include <stdlib.h>
| # endif
| #endif
| #ifdef HAVE_STRING_H
| # if !defined STDC_HEADERS && defined HAVE_MEMORY_H
| #  include <memory.h>
| # endif
| # include <string.h>
| #endif
| #ifdef HAVE_STRINGS_H
| # include <strings.h>
| #endif
| #ifdef HAVE_INTTYPES_H
| # include <inttypes.h>
| #endif
| #ifdef HAVE_STDINT_H
| # include <stdint.h>
| #endif
| #ifdef HAVE_UNISTD_H
| # include <unistd.h>
| #endif
| #include <minix/config.h>
configure:3484: result: no
configure:3484: checking minix/config.h presence
configure:3484: gcc -E  conftest.c
conftest.c:19:26: fatal error: minix/config.h: No such file or directory
 #include <minix/config.h>
                          ^
compilation terminated.
configure:3484: $? = 1
configure: failed program was:
| /* confdefs.h */
| #define PACKAGE_NAME "bmake"
| #define PACKAGE_TARNAME "bmake"
| #define PACKAGE_VERSION "20100911"
| #define PACKAGE_STRING "bmake 20100911"
| #define PACKAGE_BUGREPORT "sjg@NetBSD.org"
| #define PACKAGE_URL ""
| #define STDC_HEADERS 1
| #define HAVE_SYS_TYPES_H 1
| #define HAVE_SYS_STAT_H 1
| #define HAVE_STDLIB_H 1
| #define HAVE_STRING_H 1
| #define HAVE_MEMORY_H 1
| #define HAVE_STRINGS_H 1
| #define HAVE_INTTYPES_H 1
| #define HAVE_STDINT_H 1
| #define HAVE_UNISTD_H 1
| /* end confdefs.h.  */
| #include <minix/config.h>
configure:3484: result: no
configure:3484: checking for minix/config.h
configure:3484: result: no
configure:3505: checking whether it is safe to define __EXTENSIONS__
configure:3523: gcc -c -g -O2  conftest.c >&5
configure:3523: $? = 0
configure:3530: result: yes
configure:3592: checking for gcc
configure:3619: result: gcc
configure:3848: checking for C compiler version
configure:3857: gcc --version >&5
gcc (Ubuntu 4.8.2-19ubuntu1) 4.8.2
Copyright (C) 2013 Free Software Foundation, Inc.
This is free software; see the source for copying conditions.  There is NO
warranty; not even for MERCHANTABILITY or FITNESS FOR A PARTICULAR PURPOSE.

configure:3868: $? = 0
configure:3857: gcc -v >&5
Using built-in specs.
COLLECT_GCC=gcc
COLLECT_LTO_WRAPPER=/usr/lib/gcc/x86_64-linux-gnu/4.8/lto-wrapper
Target: x86_64-linux-gnu
Configured with: ../src/configure -v --with-pkgversion='Ubuntu 4.8.2-19ubuntu1' --with-bugurl=file:///usr/share/doc/gcc-4.8/README.Bugs --enable-languages=c,c++,java,go,d,fortran,objc,obj-c++ --prefix=/usr --program-suffix=-4.8 --enable-shared --enable-linker-build-id --libexecdir=/usr/lib --without-included-gettext --enable-threads=posix --with-gxx-include-dir=/usr/include/c++/4.8 --libdir=/usr/lib --enable-nls --with-sysroot=/ --enable-clocale=gnu --enable-libstdcxx-debug --enable-libstdcxx-time=yes --enable-gnu-unique-object --disable-libmudflap --enable-plugin --with-system-zlib --disable-browser-plugin --enable-java-awt=gtk --enable-gtk-cairo --with-java-home=/usr/lib/jvm/java-1.5.0-gcj-4.8-amd64/jre --enable-java-home --with-jvm-root-dir=/usr/lib/jvm/java-1.5.0-gcj-4.8-amd64 --with-jvm-jar-dir=/usr/lib/jvm-exports/java-1.5.0-gcj-4.8-amd64 --with-arch-directory=amd64 --with-ecj-jar=/usr/share/java/eclipse-ecj.jar --enable-objc-gc --enable-multiarch --disable-werror --with-arch-32=i686 --with-abi=m64 --with-multilib-list=m32,m64,mx32 --with-tune=generic --enable-checking=release --build=x86_64-linux-gnu --host=x86_64-linux-gnu --target=x86_64-linux-gnu
Thread model: posix
gcc version 4.8.2 (Ubuntu 4.8.2-19ubuntu1) 
configure:3868: $? = 0
configure:3857: gcc -V >&5
gcc: error: unrecognized command line option '-V'
gcc: fatal error: no input files
compilation terminated.
configure:3868: $? = 4
configure:3857: gcc -qversion >&5
gcc: error: unrecognized command line option '-qversion'
gcc: fatal error: no input files
compilation terminated.
configure:3868: $? = 4
configure:3872: checking whether we are using the GNU C compiler
configure:3900: result: yes
configure:3909: checking whether gcc accepts -g
configure:3970: result: yes
configure:3987: checking for gcc option to accept ISO C89
configure:4064: result: none needed
configure:4085: checking whether gcc needs -traditional
configure:4119: result: no
configure:4163: checking for a BSD-compatible install
configure:4231: result: /usr/bin/install -c
configure:4244: checking for ANSI C header files
configure:4348: result: yes
configure:4356: checking for sys/wait.h that is POSIX.1 compatible
configure:4382: gcc -c -g -O2  conftest.c >&5
configure:4382: $? = 0
configure:4389: result: yes
configure:4400: checking for dirent.h that defines DIR
configure:4419: gcc -c -g -O2  conftest.c >&5
configure:4419: $? = 0
configure:4427: result: yes
configure:4441: checking for library containing opendir
configure:4472: gcc -o conftest -g -O2   conftest.c  >&5
configure:4472: $? = 0
configure:4489: result: none required
configure:4573: checking ar.h usability
configure:4573: gcc -c -g -O2  conftest.c >&5
configure:4573: $? = 0
configure:4573: result: yes
configure:4573: checking ar.h presence
configure:4573: gcc -E  conftest.c
configure:4573: $? = 0
configure:4573: result: yes
configure:4573: checking for ar.h
configure:4573: result: yes
configure:4573: checking err.h usability
configure:4573: gcc -c -g -O2  conftest.c >&5
configure:4573: $? = 0
configure:4573: result: yes
configure:4573: checking err.h presence
configure:4573: gcc -E  conftest.c
configure:4573: $? = 0
configure:4573: result: yes
configure:4573: checking for err.h
configure:4573: result: yes
configure:4573: checking fcntl.h usability
configure:4573: gcc -c -g -O2  conftest.c >&5
configure:4573: $? = 0
configure:4573: result: yes
configure:4573: checking fcntl.h presence
configure:4573: gcc -E  conftest.c
configure:4573: $? = 0
configure:4573: result: yes
configure:4573: checking for fcntl.h
configure:4573: result: yes
configure:4573: checking paths.h usability
configure:4573: gcc -c -g -O2  conftest.c >&5
configure:4573: $? = 0
configure:4573: result: yes
configure:4573: checking paths.h presence
configure:4573: gcc -E  conftest.c
configure:4573: $? = 0
configure:4573: result: yes
configure:4573: checking for paths.h
configure:4573: result: yes
configure:4573: checking poll.h usability
configure:4573: gcc -c -g -O2  conftest.c >&5
configure:4573: $? = 0
configure:4573: result: yes
configure:4573: checking poll.h presence
configure:4573: gcc -E  conftest.c
configure:4573: $? = 0
configure:4573: result: yes
configure:4573: checking for poll.h
configure:4573: result: yes
configure:4573: checking ranlib.h usability
configure:4573: gcc -c -g -O2  conftest.c >&5
conftest.c:65:20: fatal error: ranlib.h: No such file or directory
 #include <ranlib.h>
                    ^
compilation terminated.
configure:4573: $? = 1
configure: failed program was:
| /* confdefs.h */
| #define PACKAGE_NAME "bmake"
| #define PACKAGE_TARNAME "bmake"
| #define PACKAGE_VERSION "20100911"
| #define PACKAGE_STRING "bmake 20100911"
| #define PACKAGE_BUGREPORT "sjg@NetBSD.org"
| #define PACKAGE_URL ""
| #define STDC_HEADERS 1
| #define HAVE_SYS_TYPES_H 1
| #define HAVE_SYS_STAT_H 1
| #define HAVE_STDLIB_H 1
| #define HAVE_STRING_H 1
| #define HAVE_MEMORY_H 1
| #define HAVE_STRINGS_H 1
| #define HAVE_INTTYPES_H 1
| #define HAVE_STDINT_H 1
| #define HAVE_UNISTD_H 1
| #define __EXTENSIONS__ 1
| #define _ALL_SOURCE 1
| #define _GNU_SOURCE 1
| #define _POSIX_PTHREAD_SEMANTICS 1
| #define _TANDEM_SOURCE 1
| #define STDC_HEADERS 1
| #define HAVE_SYS_WAIT_H 1
| #define HAVE_DIRENT_H 1
| #define HAVE_AR_H 1
| #define HAVE_ERR_H 1
| #define HAVE_FCNTL_H 1
| #define HAVE_PATHS_H 1
| #define HAVE_POLL_H 1
| /* end confdefs.h.  */
| #include <stdio.h>
| #ifdef HAVE_SYS_TYPES_H
| # include <sys/types.h>
| #endif
| #ifdef HAVE_SYS_STAT_H
| # include <sys/stat.h>
| #endif
| #ifdef STDC_HEADERS
| # include <stdlib.h>
| # include <stddef.h>
| #else
| # ifdef HAVE_STDLIB_H
| #  include <stdlib.h>
| # endif
| #endif
| #ifdef HAVE_STRING_H
| # if !defined STDC_HEADERS && defined HAVE_MEMORY_H
| #  include <memory.h>
| # endif
| # include <string.h>
| #endif
| #ifdef HAVE_STRINGS_H
| # include <strings.h>
| #endif
| #ifdef HAVE_INTTYPES_H
| # include <inttypes.h>
| #endif
| #ifdef HAVE_STDINT_H
| # include <stdint.h>
| #endif
| #ifdef HAVE_UNISTD_H
| # include <unistd.h>
| #endif
| #include <ranlib.h>
configure:4573: result: no
configure:4573: checking ranlib.h presence
configure:4573: gcc -E  conftest.c
conftest.c:32:20: fatal error: ranlib.h: No such file or directory
 #include <ranlib.h>
                    ^
compilation terminated.
configure:4573: $? = 1
configure: failed program was:
| /* confdefs.h */
| #define PACKAGE_NAME "bmake"
| #define PACKAGE_TARNAME "bmake"
| #define PACKAGE_VERSION "20100911"
| #define PACKAGE_STRING "bmake 20100911"
| #define PACKAGE_BUGREPORT "sjg@NetBSD.org"
| #define PACKAGE_URL ""
| #define STDC_HEADERS 1
| #define HAVE_SYS_TYPES_H 1
| #define HAVE_SYS_STAT_H 1
| #define HAVE_STDLIB_H 1
| #define HAVE_STRING_H 1
| #define HAVE_MEMORY_H 1
| #define HAVE_STRINGS_H 1
| #define HAVE_INTTYPES_H 1
| #define HAVE_STDINT_H 1
| #define HAVE_UNISTD_H 1
| #define __EXTENSIONS__ 1
| #define _ALL_SOURCE 1
| #define _GNU_SOURCE 1
| #define _POSIX_PTHREAD_SEMANTICS 1
| #define _TANDEM_SOURCE 1
| #define STDC_HEADERS 1
| #define HAVE_SYS_WAIT_H 1
| #define HAVE_DIRENT_H 1
| #define HAVE_AR_H 1
| #define HAVE_ERR_H 1
| #define HAVE_FCNTL_H 1
| #define HAVE_PATHS_H 1
| #define HAVE_POLL_H 1
| /* end confdefs.h.  */
| #include <ranlib.h>
configure:4573: result: no
configure:4573: checking for ranlib.h
configure:4573: result: no
configure:4573: checking for string.h
configure:4573: result: yes
configure:4573: checking sys/select.h usability
configure:4573: gcc -c -g -O2  conftest.c >&5
configure:4573: $? = 0
configure:4573: result: yes
configure:4573: checking sys/select.h presence
configure:4573: gcc -E  conftest.c
configure:4573: $? = 0
configure:4573: result: yes
configure:4573: checking for sys/select.h
configure:4573: result: yes
configure:4573: checking sys/socket.h usability
configure:4573: gcc -c -g -O2  conftest.c >&5
configure:4573: $? = 0
configure:4573: result: yes
configure:4573: checking sys/socket.h presence
configure:4573: gcc -E  conftest.c
configure:4573: $? = 0
configure:4573: result: yes
configure:4573: checking for sys/socket.h
configure:4573: result: yes
configure:4573: checking sys/time.h usability
configure:4573: gcc -c -g -O2  conftest.c >&5
configure:4573: $? = 0
configure:4573: result: yes
configure:4573: checking sys/time.h presence
configure:4573: gcc -E  conftest.c
configure:4573: $? = 0
configure:4573: result: yes
configure:4573: checking for sys/time.h
configure:4573: result: yes
configure:4573: checking sys/uio.h usability
configure:4573: gcc -c -g -O2  conftest.c >&5
configure:4573: $? = 0
configure:4573: result: yes
configure:4573: checking sys/uio.h presence
configure:4573: gcc -E  conftest.c
configure:4573: $? = 0
configure:4573: result: yes
configure:4573: checking for sys/uio.h
configure:4573: result: yes
configure:4573: checking for unistd.h
configure:4573: result: yes
configure:4573: checking utime.h usability
configure:4573: gcc -c -g -O2  conftest.c >&5
configure:4573: $? = 0
configure:4573: result: yes
configure:4573: checking utime.h presence
configure:4573: gcc -E  conftest.c
configure:4573: $? = 0
configure:4573: result: yes
configure:4573: checking for utime.h
configure:4573: result: yes
configure:4585: checking sys/cdefs.h usability
configure:4585: gcc -c -g -O2  conftest.c >&5
configure:4585: $? = 0
configure:4585: result: yes
configure:4585: checking sys/cdefs.h presence
configure:4585: gcc -E  conftest.c
configure:4585: $? = 0
configure:4585: result: yes
configure:4585: checking for sys/cdefs.h
configure:4585: result: yes
configure:4611: checking for __attribute__
configure:4638: gcc -c -g -O2  -I/home/cse4001/os161/toolbuild/bmake/missing -DNEED_HOST_CDEFS_H conftest.c >&5
conftest.c: In function 'main':
conftest.c:46:13: error: invalid storage class for function 'foo'
 static void foo(void) __attribute__ ((noreturn));
             ^
conftest.c:49:1: error: invalid storage class for function 'foo'
 foo(void)
 ^
configure:4638: $? = 1
configure: failed program was:
| /* confdefs.h */
| #define PACKAGE_NAME "bmake"
| #define PACKAGE_TARNAME "bmake"
| #define PACKAGE_VERSION "20100911"
| #define PACKAGE_STRING "bmake 20100911"
| #define PACKAGE_BUGREPORT "sjg@NetBSD.org"
| #define PACKAGE_URL ""
| #define STDC_HEADERS 1
| #define HAVE_SYS_TYPES_H 1
| #define HAVE_SYS_STAT_H 1
| #define HAVE_STDLIB_H 1
| #define HAVE_STRING_H 1
| #define HAVE_MEMORY_H 1
| #define HAVE_STRINGS_H 1
| #define HAVE_INTTYPES_H 1
| #define HAVE_STDINT_H 1
| #define HAVE_UNISTD_H 1
| #define __EXTENSIONS__ 1
| #define _ALL_SOURCE 1
| #define _GNU_SOURCE 1
| #define _POSIX_PTHREAD_SEMANTICS 1
| #define _TANDEM_SOURCE 1
| #define STDC_HEADERS 1
| #define HAVE_SYS_WAIT_H 1
| #define HAVE_DIRENT_H 1
| #define HAVE_AR_H 1
| #define HAVE_ERR_H 1
| #define HAVE_FCNTL_H 1
| #define HAVE_PATHS_H 1
| #define HAVE_POLL_H 1
| #define HAVE_STRING_H 1
| #define HAVE_SYS_SELECT_H 1
| #define HAVE_SYS_SOCKET_H 1
| #define HAVE_SYS_TIME_H 1
| #define HAVE_SYS_UIO_H 1
| #define HAVE_UNISTD_H 1
| #define HAVE_UTIME_H 1
| /* end confdefs.h.  */
| 
| #include <stdlib.h>
| 
| int
| main ()
| {
| 
| static void foo(void) __attribute__ ((noreturn));
| 
| static void
| foo(void)
| {
|   exit(1);
| }
| 
|   ;
|   return 0;
| }
configure:4651: result: no
configure:4654: checking whether byte ordering is bigendian
configure:4669: gcc -c -g -O2  -I/home/cse4001/os161/toolbuild/bmake/missing -DNEED_HOST_CDEFS_H conftest.c >&5
conftest.c:40:9: error: unknown type name 'not'
         not a universal capable compiler
         ^
conftest.c:40:15: error: expected '=', ',', ';', 'asm' or '__attribute__' before 'universal'
         not a universal capable compiler
               ^
conftest.c:40:15: error: unknown type name 'universal'
configure:4669: $? = 1
configure: failed program was:
| /* confdefs.h */
| #define PACKAGE_NAME "bmake"
| #define PACKAGE_TARNAME "bmake"
| #define PACKAGE_VERSION "20100911"
| #define PACKAGE_STRING "bmake 20100911"
| #define PACKAGE_BUGREPORT "sjg@NetBSD.org"
| #define PACKAGE_URL ""
| #define STDC_HEADERS 1
| #define HAVE_SYS_TYPES_H 1
| #define HAVE_SYS_STAT_H 1
| #define HAVE_STDLIB_H 1
| #define HAVE_STRING_H 1
| #define HAVE_MEMORY_H 1
| #define HAVE_STRINGS_H 1
| #define HAVE_INTTYPES_H 1
| #define HAVE_STDINT_H 1
| #define HAVE_UNISTD_H 1
| #define __EXTENSIONS__ 1
| #define _ALL_SOURCE 1
| #define _GNU_SOURCE 1
| #define _POSIX_PTHREAD_SEMANTICS 1
| #define _TANDEM_SOURCE 1
| #define STDC_HEADERS 1
| #define HAVE_SYS_WAIT_H 1
| #define HAVE_DIRENT_H 1
| #define HAVE_AR_H 1
| #define HAVE_ERR_H 1
| #define HAVE_FCNTL_H 1
| #define HAVE_PATHS_H 1
| #define HAVE_POLL_H 1
| #define HAVE_STRING_H 1
| #define HAVE_SYS_SELECT_H 1
| #define HAVE_SYS_SOCKET_H 1
| #define HAVE_SYS_TIME_H 1
| #define HAVE_SYS_UIO_H 1
| #define HAVE_UNISTD_H 1
| #define HAVE_UTIME_H 1
| /* end confdefs.h.  */
| #ifndef __APPLE_CC__
| 	       not a universal capable compiler
| 	     #endif
| 	     typedef int dummy;
| 
configure:4714: gcc -c -g -O2  -I/home/cse4001/os161/toolbuild/bmake/missing -DNEED_HOST_CDEFS_H conftest.c >&5
configure:4714: $? = 0
configure:4732: gcc -c -g -O2  -I/home/cse4001/os161/toolbuild/bmake/missing -DNEED_HOST_CDEFS_H conftest.c >&5
conftest.c: In function 'main':
conftest.c:46:4: error: unknown type name 'not'
    not big endian
    ^
conftest.c:46:12: error: expected '=', ',', ';', 'asm' or '__attribute__' before 'endian'
    not big endian
            ^
configure:4732: $? = 1
configure: failed program was:
| /* confdefs.h */
| #define PACKAGE_NAME "bmake"
| #define PACKAGE_TARNAME "bmake"
| #define PACKAGE_VERSION "20100911"
| #define PACKAGE_STRING "bmake 20100911"
| #define PACKAGE_BUGREPORT "sjg@NetBSD.org"
| #define PACKAGE_URL ""
| #define STDC_HEADERS 1
| #define HAVE_SYS_TYPES_H 1
| #define HAVE_SYS_STAT_H 1
| #define HAVE_STDLIB_H 1
| #define HAVE_STRING_H 1
| #define HAVE_MEMORY_H 1
| #define HAVE_STRINGS_H 1
| #define HAVE_INTTYPES_H 1
| #define HAVE_STDINT_H 1
| #define HAVE_UNISTD_H 1
| #define __EXTENSIONS__ 1
| #define _ALL_SOURCE 1
| #define _GNU_SOURCE 1
| #define _POSIX_PTHREAD_SEMANTICS 1
| #define _TANDEM_SOURCE 1
| #define STDC_HEADERS 1
| #define HAVE_SYS_WAIT_H 1
| #define HAVE_DIRENT_H 1
| #define HAVE_AR_H 1
| #define HAVE_ERR_H 1
| #define HAVE_FCNTL_H 1
| #define HAVE_PATHS_H 1
| #define HAVE_POLL_H 1
| #define HAVE_STRING_H 1
| #define HAVE_SYS_SELECT_H 1
| #define HAVE_SYS_SOCKET_H 1
| #define HAVE_SYS_TIME_H 1
| #define HAVE_SYS_UIO_H 1
| #define HAVE_UNISTD_H 1
| #define HAVE_UTIME_H 1
| /* end confdefs.h.  */
| #include <sys/types.h>
| 		#include <sys/param.h>
| 
| int
| main ()
| {
| #if BYTE_ORDER != BIG_ENDIAN
| 		 not big endian
| 		#endif
| 
|   ;
|   return 0;
| }
configure:4860: result: no
configure:4878: checking for an ANSI C-conforming const
configure:4943: gcc -c -g -O2  -I/home/cse4001/os161/toolbuild/bmake/missing -DNEED_HOST_CDEFS_H conftest.c >&5
configure:4943: $? = 0
configure:4950: result: yes
configure:4958: checking for off_t
configure:4958: gcc -c -g -O2  -I/home/cse4001/os161/toolbuild/bmake/missing -DNEED_HOST_CDEFS_H conftest.c >&5
configure:4958: $? = 0
configure:4958: gcc -c -g -O2  -I/home/cse4001/os161/toolbuild/bmake/missing -DNEED_HOST_CDEFS_H conftest.c >&5
conftest.c: In function 'main':
conftest.c:75:20: error: expected expression before ')' token
 if (sizeof ((off_t)))
                    ^
configure:4958: $? = 1
configure: failed program was:
| /* confdefs.h */
| #define PACKAGE_NAME "bmake"
| #define PACKAGE_TARNAME "bmake"
| #define PACKAGE_VERSION "20100911"
| #define PACKAGE_STRING "bmake 20100911"
| #define PACKAGE_BUGREPORT "sjg@NetBSD.org"
| #define PACKAGE_URL ""
| #define STDC_HEADERS 1
| #define HAVE_SYS_TYPES_H 1
| #define HAVE_SYS_STAT_H 1
| #define HAVE_STDLIB_H 1
| #define HAVE_STRING_H 1
| #define HAVE_MEMORY_H 1
| #define HAVE_STRINGS_H 1
| #define HAVE_INTTYPES_H 1
| #define HAVE_STDINT_H 1
| #define HAVE_UNISTD_H 1
| #define __EXTENSIONS__ 1
| #define _ALL_SOURCE 1
| #define _GNU_SOURCE 1
| #define _POSIX_PTHREAD_SEMANTICS 1
| #define _TANDEM_SOURCE 1
| #define STDC_HEADERS 1
| #define HAVE_SYS_WAIT_H 1
| #define HAVE_DIRENT_H 1
| #define HAVE_AR_H 1
| #define HAVE_ERR_H 1
| #define HAVE_FCNTL_H 1
| #define HAVE_PATHS_H 1
| #define HAVE_POLL_H 1
| #define HAVE_STRING_H 1
| #define HAVE_SYS_SELECT_H 1
| #define HAVE_SYS_SOCKET_H 1
| #define HAVE_SYS_TIME_H 1
| #define HAVE_SYS_UIO_H 1
| #define HAVE_UNISTD_H 1
| #define HAVE_UTIME_H 1
| /* end confdefs.h.  */
| #include <stdio.h>
| #ifdef HAVE_SYS_TYPES_H
| # include <sys/types.h>
| #endif
| #ifdef HAVE_SYS_STAT_H
| # include <sys/stat.h>
| #endif
| #ifdef STDC_HEADERS
| # include <stdlib.h>
| # include <stddef.h>
| #else
| # ifdef HAVE_STDLIB_H
| #  include <stdlib.h>
| # endif
| #endif
| #ifdef HAVE_STRING_H
| # if !defined STDC_HEADERS && defined HAVE_MEMORY_H
| #  include <memory.h>
| # endif
| # include <string.h>
| #endif
| #ifdef HAVE_STRINGS_H
| # include <strings.h>
| #endif
| #ifdef HAVE_INTTYPES_H
| # include <inttypes.h>
| #endif
| #ifdef HAVE_STDINT_H
| # include <stdint.h>
| #endif
| #ifdef HAVE_UNISTD_H
| # include <unistd.h>
| #endif
| int
| main ()
| {
| if (sizeof ((off_t)))
| 	    return 0;
|   ;
|   return 0;
| }
configure:4958: result: yes
configure:4969: checking for pid_t
configure:4969: gcc -c -g -O2  -I/home/cse4001/os161/toolbuild/bmake/missing -DNEED_HOST_CDEFS_H conftest.c >&5
configure:4969: $? = 0
configure:4969: gcc -c -g -O2  -I/home/cse4001/os161/toolbuild/bmake/missing -DNEED_HOST_CDEFS_H conftest.c >&5
conftest.c: In function 'main':
conftest.c:75:20: error: expected expression before ')' token
 if (sizeof ((pid_t)))
                    ^
configure:4969: $? = 1
configure: failed program was:
| /* confdefs.h */
| #define PACKAGE_NAME "bmake"
| #define PACKAGE_TARNAME "bmake"
| #define PACKAGE_VERSION "20100911"
| #define PACKAGE_STRING "bmake 20100911"
| #define PACKAGE_BUGREPORT "sjg@NetBSD.org"
| #define PACKAGE_URL ""
| #define STDC_HEADERS 1
| #define HAVE_SYS_TYPES_H 1
| #define HAVE_SYS_STAT_H 1
| #define HAVE_STDLIB_H 1
| #define HAVE_STRING_H 1
| #define HAVE_MEMORY_H 1
| #define HAVE_STRINGS_H 1
| #define HAVE_INTTYPES_H 1
| #define HAVE_STDINT_H 1
| #define HAVE_UNISTD_H 1
| #define __EXTENSIONS__ 1
| #define _ALL_SOURCE 1
| #define _GNU_SOURCE 1
| #define _POSIX_PTHREAD_SEMANTICS 1
| #define _TANDEM_SOURCE 1
| #define STDC_HEADERS 1
| #define HAVE_SYS_WAIT_H 1
| #define HAVE_DIRENT_H 1
| #define HAVE_AR_H 1
| #define HAVE_ERR_H 1
| #define HAVE_FCNTL_H 1
| #define HAVE_PATHS_H 1
| #define HAVE_POLL_H 1
| #define HAVE_STRING_H 1
| #define HAVE_SYS_SELECT_H 1
| #define HAVE_SYS_SOCKET_H 1
| #define HAVE_SYS_TIME_H 1
| #define HAVE_SYS_UIO_H 1
| #define HAVE_UNISTD_H 1
| #define HAVE_UTIME_H 1
| /* end confdefs.h.  */
| #include <stdio.h>
| #ifdef HAVE_SYS_TYPES_H
| # include <sys/types.h>
| #endif
| #ifdef HAVE_SYS_STAT_H
| # include <sys/stat.h>
| #endif
| #ifdef STDC_HEADERS
| # include <stdlib.h>
| # include <stddef.h>
| #else
| # ifdef HAVE_STDLIB_H
| #  include <stdlib.h>
| # endif
| #endif
| #ifdef HAVE_STRING_H
| # if !defined STDC_HEADERS && defined HAVE_MEMORY_H
| #  include <memory.h>
| # endif
| # include <string.h>
| #endif
| #ifdef HAVE_STRINGS_H
| # include <strings.h>
| #endif
| #ifdef HAVE_INTTYPES_H
| # include <inttypes.h>
| #endif
| #ifdef HAVE_STDINT_H
| # include <stdint.h>
| #endif
| #ifdef HAVE_UNISTD_H
| # include <unistd.h>
| #endif
| int
| main ()
| {
| if (sizeof ((pid_t)))
| 	    return 0;
|   ;
|   return 0;
| }
configure:4969: result: yes
configure:4980: checking for size_t
configure:4980: gcc -c -g -O2  -I/home/cse4001/os161/toolbuild/bmake/missing -DNEED_HOST_CDEFS_H conftest.c >&5
configure:4980: $? = 0
configure:4980: gcc -c -g -O2  -I/home/cse4001/os161/toolbuild/bmake/missing -DNEED_HOST_CDEFS_H conftest.c >&5
conftest.c: In function 'main':
conftest.c:75:21: error: expected expression before ')' token
 if (sizeof ((size_t)))
                     ^
configure:4980: $? = 1
configure: failed program was:
| /* confdefs.h */
| #define PACKAGE_NAME "bmake"
| #define PACKAGE_TARNAME "bmake"
| #define PACKAGE_VERSION "20100911"
| #define PACKAGE_STRING "bmake 20100911"
| #define PACKAGE_BUGREPORT "sjg@NetBSD.org"
| #define PACKAGE_URL ""
| #define STDC_HEADERS 1
| #define HAVE_SYS_TYPES_H 1
| #define HAVE_SYS_STAT_H 1
| #define HAVE_STDLIB_H 1
| #define HAVE_STRING_H 1
| #define HAVE_MEMORY_H 1
| #define HAVE_STRINGS_H 1
| #define HAVE_INTTYPES_H 1
| #define HAVE_STDINT_H 1
| #define HAVE_UNISTD_H 1
| #define __EXTENSIONS__ 1
| #define _ALL_SOURCE 1
| #define _GNU_SOURCE 1
| #define _POSIX_PTHREAD_SEMANTICS 1
| #define _TANDEM_SOURCE 1
| #define STDC_HEADERS 1
| #define HAVE_SYS_WAIT_H 1
| #define HAVE_DIRENT_H 1
| #define HAVE_AR_H 1
| #define HAVE_ERR_H 1
| #define HAVE_FCNTL_H 1
| #define HAVE_PATHS_H 1
| #define HAVE_POLL_H 1
| #define HAVE_STRING_H 1
| #define HAVE_SYS_SELECT_H 1
| #define HAVE_SYS_SOCKET_H 1
| #define HAVE_SYS_TIME_H 1
| #define HAVE_SYS_UIO_H 1
| #define HAVE_UNISTD_H 1
| #define HAVE_UTIME_H 1
| /* end confdefs.h.  */
| #include <stdio.h>
| #ifdef HAVE_SYS_TYPES_H
| # include <sys/types.h>
| #endif
| #ifdef HAVE_SYS_STAT_H
| # include <sys/stat.h>
| #endif
| #ifdef STDC_HEADERS
| # include <stdlib.h>
| # include <stddef.h>
| #else
| # ifdef HAVE_STDLIB_H
| #  include <stdlib.h>
| # endif
| #endif
| #ifdef HAVE_STRING_H
| # if !defined STDC_HEADERS && defined HAVE_MEMORY_H
| #  include <memory.h>
| # endif
| # include <string.h>
| #endif
| #ifdef HAVE_STRINGS_H
| # include <strings.h>
| #endif
| #ifdef HAVE_INTTYPES_H
| # include <inttypes.h>
| #endif
| #ifdef HAVE_STDINT_H
| # include <stdint.h>
| #endif
| #ifdef HAVE_UNISTD_H
| # include <unistd.h>
| #endif
| int
| main ()
| {
| if (sizeof ((size_t)))
| 	    return 0;
|   ;
|   return 0;
| }
configure:4980: result: yes
configure:4991: checking whether sys_siglist is declared
configure:4991: gcc -c -g -O2  -I/home/cse4001/os161/toolbuild/bmake/missing -DNEED_HOST_CDEFS_H conftest.c >&5
configure:4991: $? = 0
configure:4991: result: yes
configure:5009: checking whether time.h and sys/time.h may both be included
configure:5029: gcc -c -g -O2  -I/home/cse4001/os161/toolbuild/bmake/missing -DNEED_HOST_CDEFS_H conftest.c >&5
configure:5029: $? = 0
configure:5036: result: yes
configure:5044: checking whether struct tm is in sys/time.h or time.h
configure:5064: gcc -c -g -O2  -I/home/cse4001/os161/toolbuild/bmake/missing -DNEED_HOST_CDEFS_H conftest.c >&5
configure:5064: $? = 0
configure:5071: result: time.h
configure:5080: checking return type of signal handlers
configure:5098: gcc -c -g -O2  -I/home/cse4001/os161/toolbuild/bmake/missing -DNEED_HOST_CDEFS_H conftest.c >&5
conftest.c: In function 'main':
conftest.c:47:1: error: void value not ignored as it ought to be
 return *(signal (0, 0)) (0) == 1;
 ^
configure:5098: $? = 1
configure: failed program was:
| /* confdefs.h */
| #define PACKAGE_NAME "bmake"
| #define PACKAGE_TARNAME "bmake"
| #define PACKAGE_VERSION "20100911"
| #define PACKAGE_STRING "bmake 20100911"
| #define PACKAGE_BUGREPORT "sjg@NetBSD.org"
| #define PACKAGE_URL ""
| #define STDC_HEADERS 1
| #define HAVE_SYS_TYPES_H 1
| #define HAVE_SYS_STAT_H 1
| #define HAVE_STDLIB_H 1
| #define HAVE_STRING_H 1
| #define HAVE_MEMORY_H 1
| #define HAVE_STRINGS_H 1
| #define HAVE_INTTYPES_H 1
| #define HAVE_STDINT_H 1
| #define HAVE_UNISTD_H 1
| #define __EXTENSIONS__ 1
| #define _ALL_SOURCE 1
| #define _GNU_SOURCE 1
| #define _POSIX_PTHREAD_SEMANTICS 1
| #define _TANDEM_SOURCE 1
| #define STDC_HEADERS 1
| #define HAVE_SYS_WAIT_H 1
| #define HAVE_DIRENT_H 1
| #define HAVE_AR_H 1
| #define HAVE_ERR_H 1
| #define HAVE_FCNTL_H 1
| #define HAVE_PATHS_H 1
| #define HAVE_POLL_H 1
| #define HAVE_STRING_H 1
| #define HAVE_SYS_SELECT_H 1
| #define HAVE_SYS_SOCKET_H 1
| #define HAVE_SYS_TIME_H 1
| #define HAVE_SYS_UIO_H 1
| #define HAVE_UNISTD_H 1
| #define HAVE_UTIME_H 1
| #define HAVE_DECL_SYS_SIGLIST 1
| #define TIME_WITH_SYS_TIME 1
| /* end confdefs.h.  */
| #include <sys/types.h>
| #include <signal.h>
| 
| int
| main ()
| {
| return *(signal (0, 0)) (0) == 1;
|   ;
|   return 0;
| }
configure:5105: result: void
configure:5115: checking vfork.h usability
configure:5115: gcc -c -g -O2  -I/home/cse4001/os161/toolbuild/bmake/missing -DNEED_HOST_CDEFS_H conftest.c >&5
conftest.c:75:19: fatal error: vfork.h: No such file or directory
 #include <vfork.h>
                   ^
compilation terminated.
configure:5115: $? = 1
configure: failed program was:
| /* confdefs.h */
| #define PACKAGE_NAME "bmake"
| #define PACKAGE_TARNAME "bmake"
| #define PACKAGE_VERSION "20100911"
| #define PACKAGE_STRING "bmake 20100911"
| #define PACKAGE_BUGREPORT "sjg@NetBSD.org"
| #define PACKAGE_URL ""
| #define STDC_HEADERS 1
| #define HAVE_SYS_TYPES_H 1
| #define HAVE_SYS_STAT_H 1
| #define HAVE_STDLIB_H 1
| #define HAVE_STRING_H 1
| #define HAVE_MEMORY_H 1
| #define HAVE_STRINGS_H 1
| #define HAVE_INTTYPES_H 1
| #define HAVE_STDINT_H 1
| #define HAVE_UNISTD_H 1
| #define __EXTENSIONS__ 1
| #define _ALL_SOURCE 1
| #define _GNU_SOURCE 1
| #define _POSIX_PTHREAD_SEMANTICS 1
| #define _TANDEM_SOURCE 1
| #define STDC_HEADERS 1
| #define HAVE_SYS_WAIT_H 1
| #define HAVE_DIRENT_H 1
| #define HAVE_AR_H 1
| #define HAVE_ERR_H 1
| #define HAVE_FCNTL_H 1
| #define HAVE_PATHS_H 1
| #define HAVE_POLL_H 1
| #define HAVE_STRING_H 1
| #define HAVE_SYS_SELECT_H 1
| #define HAVE_SYS_SOCKET_H 1
| #define HAVE_SYS_TIME_H 1
| #define HAVE_SYS_UIO_H 1
| #define HAVE_UNISTD_H 1
| #define HAVE_UTIME_H 1
| #define HAVE_DECL_SYS_SIGLIST 1
| #define TIME_WITH_SYS_TIME 1
| #define RETSIGTYPE void
| /* end confdefs.h.  */
| #include <stdio.h>
| #ifdef HAVE_SYS_TYPES_H
| # include <sys/types.h>
| #endif
| #ifdef HAVE_SYS_STAT_H
| # include <sys/stat.h>
| #endif
| #ifdef STDC_HEADERS
| # include <stdlib.h>
| # include <stddef.h>
| #else
| # ifdef HAVE_STDLIB_H
| #  include <stdlib.h>
| # endif
| #endif
| #ifdef HAVE_STRING_H
| # if !defined STDC_HEADERS && defined HAVE_MEMORY_H
| #  include <memory.h>
| # endif
| # include <string.h>
| #endif
| #ifdef HAVE_STRINGS_H
| # include <strings.h>
| #endif
| #ifdef HAVE_INTTYPES_H
| # include <inttypes.h>
| #endif
| #ifdef HAVE_STDINT_H
| # include <stdint.h>
| #endif
| #ifdef HAVE_UNISTD_H
| # include <unistd.h>
| #endif
| #include <vfork.h>
configure:5115: result: no
configure:5115: checking vfork.h presence
configure:5115: gcc -E  -I/home/cse4001/os161/toolbuild/bmake/missing -DNEED_HOST_CDEFS_H conftest.c
conftest.c:42:19: fatal error: vfork.h: No such file or directory
 #include <vfork.h>
                   ^
compilation terminated.
configure:5115: $? = 1
configure: failed program was:
| /* confdefs.h */
| #define PACKAGE_NAME "bmake"
| #define PACKAGE_TARNAME "bmake"
| #define PACKAGE_VERSION "20100911"
| #define PACKAGE_STRING "bmake 20100911"
| #define PACKAGE_BUGREPORT "sjg@NetBSD.org"
| #define PACKAGE_URL ""
| #define STDC_HEADERS 1
| #define HAVE_SYS_TYPES_H 1
| #define HAVE_SYS_STAT_H 1
| #define HAVE_STDLIB_H 1
| #define HAVE_STRING_H 1
| #define HAVE_MEMORY_H 1
| #define HAVE_STRINGS_H 1
| #define HAVE_INTTYPES_H 1
| #define HAVE_STDINT_H 1
| #define HAVE_UNISTD_H 1
| #define __EXTENSIONS__ 1
| #define _ALL_SOURCE 1
| #define _GNU_SOURCE 1
| #define _POSIX_PTHREAD_SEMANTICS 1
| #define _TANDEM_SOURCE 1
| #define STDC_HEADERS 1
| #define HAVE_SYS_WAIT_H 1
| #define HAVE_DIRENT_H 1
| #define HAVE_AR_H 1
| #define HAVE_ERR_H 1
| #define HAVE_FCNTL_H 1
| #define HAVE_PATHS_H 1
| #define HAVE_POLL_H 1
| #define HAVE_STRING_H 1
| #define HAVE_SYS_SELECT_H 1
| #define HAVE_SYS_SOCKET_H 1
| #define HAVE_SYS_TIME_H 1
| #define HAVE_SYS_UIO_H 1
| #define HAVE_UNISTD_H 1
| #define HAVE_UTIME_H 1
| #define HAVE_DECL_SYS_SIGLIST 1
| #define TIME_WITH_SYS_TIME 1
| #define RETSIGTYPE void
| /* end confdefs.h.  */
| #include <vfork.h>
configure:5115: result: no
configure:5115: checking for vfork.h
configure:5115: result: no
configure:5128: checking for fork
configure:5128: gcc -o conftest -g -O2  -I/home/cse4001/os161/toolbuild/bmake/missing -DNEED_HOST_CDEFS_H  conftest.c  >&5
conftest.c:65:6: warning: conflicting types for built-in function 'fork' [enabled by default]
 char fork ();
      ^
configure:5128: $? = 0
configure:5128: result: yes
configure:5128: checking for vfork
configure:5128: gcc -o conftest -g -O2  -I/home/cse4001/os161/toolbuild/bmake/missing -DNEED_HOST_CDEFS_H  conftest.c  >&5
configure:5128: $? = 0
configure:5128: result: yes
configure:5139: checking for working fork
configure:5161: gcc -o conftest -g -O2  -I/home/cse4001/os161/toolbuild/bmake/missing -DNEED_HOST_CDEFS_H  conftest.c  >&5
configure:5161: $? = 0
configure:5161: ./conftest
configure:5161: $? = 0
configure:5171: result: yes
configure:5192: checking for working vfork
configure:5302: result: yes
configure:5329: checking for vprintf
configure:5329: gcc -o conftest -g -O2  -I/home/cse4001/os161/toolbuild/bmake/missing -DNEED_HOST_CDEFS_H  conftest.c  >&5
conftest.c:69:6: warning: conflicting types for built-in function 'vprintf' [enabled by default]
 char vprintf ();
      ^
configure:5329: $? = 0
configure:5329: result: yes
configure:5335: checking for _doprnt
configure:5335: gcc -o conftest -g -O2  -I/home/cse4001/os161/toolbuild/bmake/missing -DNEED_HOST_CDEFS_H  conftest.c  >&5
/tmp/cchEsfOP.o: In function `main':
/home/cse4001/os161/toolbuild/bmake/Linux/conftest.c:81: undefined reference to `_doprnt'
collect2: error: ld returned 1 exit status
configure:5335: $? = 1
configure: failed program was:
| /* confdefs.h */
| #define PACKAGE_NAME "bmake"
| #define PACKAGE_TARNAME "bmake"
| #define PACKAGE_VERSION "20100911"
| #define PACKAGE_STRING "bmake 20100911"
| #define PACKAGE_BUGREPORT "sjg@NetBSD.org"
| #define PACKAGE_URL ""
| #define STDC_HEADERS 1
| #define HAVE_SYS_TYPES_H 1
| #define HAVE_SYS_STAT_H 1
| #define HAVE_STDLIB_H 1
| #define HAVE_STRING_H 1
| #define HAVE_MEMORY_H 1
| #define HAVE_STRINGS_H 1
| #define HAVE_INTTYPES_H 1
| #define HAVE_STDINT_H 1
| #define HAVE_UNISTD_H 1
| #define __EXTENSIONS__ 1
| #define _ALL_SOURCE 1
| #define _GNU_SOURCE 1
| #define _POSIX_PTHREAD_SEMANTICS 1
| #define _TANDEM_SOURCE 1
| #define STDC_HEADERS 1
| #define HAVE_SYS_WAIT_H 1
| #define HAVE_DIRENT_H 1
| #define HAVE_AR_H 1
| #define HAVE_ERR_H 1
| #define HAVE_FCNTL_H 1
| #define HAVE_PATHS_H 1
| #define HAVE_POLL_H 1
| #define HAVE_STRING_H 1
| #define HAVE_SYS_SELECT_H 1
| #define HAVE_SYS_SOCKET_H 1
| #define HAVE_SYS_TIME_H 1
| #define HAVE_SYS_UIO_H 1
| #define HAVE_UNISTD_H 1
| #define HAVE_UTIME_H 1
| #define HAVE_DECL_SYS_SIGLIST 1
| #define TIME_WITH_SYS_TIME 1
| #define RETSIGTYPE void
| #define HAVE_FORK 1
| #define HAVE_VFORK 1
| #define HAVE_WORKING_VFORK 1
| #define HAVE_WORKING_FORK 1
| #define HAVE_VPRINTF 1
| /* end confdefs.h.  */
| /* Define _doprnt to an innocuous variant, in case <limits.h> declares _doprnt.
|    For example, HP-UX 11i <limits.h> declares gettimeofday.  */
| #define _doprnt innocuous__doprnt
| 
| /* System header to define __stub macros and hopefully few prototypes,
|     which can conflict with char _doprnt (); below.
|     Prefer <limits.h> to <assert.h> if __STDC__ is defined, since
|     <limits.h> exists even on freestanding compilers.  */
| 
| #ifdef __STDC__
| # include <limits.h>
| #else
| # include <assert.h>
| #endif
| 
| #undef _doprnt
| 
| /* Override any GCC internal prototype to avoid an error.
|    Use char because int might match the return type of a GCC
|    builtin and then its argument prototype would still apply.  */
| #ifdef __cplusplus
| extern "C"
| #endif
| char _doprnt ();
| /* The GNU C library defines this for functions which it implements
|     to always fail with ENOSYS.  Some functions are actually named
|     something starting with __ and the normal name is an alias.  */
| #if defined __stub__doprnt || defined __stub____doprnt
| choke me
| #endif
| 
| int
| main ()
| {
| return _doprnt ();
|   ;
|   return 0;
| }
configure:5335: result: no
configure:5346: checking for wait3 that fills in rusage
configure:5392: gcc -o conftest -g -O2  -I/home/cse4001/os161/toolbuild/bmake/missing -DNEED_HOST_CDEFS_H  conftest.c  >&5
configure:5392: $? = 0
configure:5392: ./conftest
configure:5392: $? = 0
configure:5402: result: yes
configure:5439: checking for err
configure:5439: gcc -o conftest -g -O2  -I/home/cse4001/os161/toolbuild/bmake/missing -DNEED_HOST_CDEFS_H  conftest.c  >&5
configure:5439: $? = 0
configure:5439: result: yes
configure:5439: checking for errx
configure:5439: gcc -o conftest -g -O2  -I/home/cse4001/os161/toolbuild/bmake/missing -DNEED_HOST_CDEFS_H  conftest.c  >&5
configure:5439: $? = 0
configure:5439: result: yes
configure:5439: checking for getcwd
configure:5439: gcc -o conftest -g -O2  -I/home/cse4001/os161/toolbuild/bmake/missing -DNEED_HOST_CDEFS_H  conftest.c  >&5
configure:5439: $? = 0
configure:5439: result: yes
configure:5439: checking for getenv
configure:5439: gcc -o conftest -g -O2  -I/home/cse4001/os161/toolbuild/bmake/missing -DNEED_HOST_CDEFS_H  conftest.c  >&5
configure:5439: $? = 0
configure:5439: result: yes
configure:5439: checking for getopt
configure:5439: gcc -o conftest -g -O2  -I/home/cse4001/os161/toolbuild/bmake/missing -DNEED_HOST_CDEFS_H  conftest.c  >&5
configure:5439: $? = 0
configure:5439: result: yes
configure:5439: checking for getwd
configure:5439: gcc -o conftest -g -O2  -I/home/cse4001/os161/toolbuild/bmake/missing -DNEED_HOST_CDEFS_H  conftest.c  >&5
/tmp/ccjMHF3n.o: In function `main':
/home/cse4001/os161/toolbuild/bmake/Linux/conftest.c:87: warning: the `getwd' function is dangerous and should not be used.
configure:5439: $? = 0
configure:5439: result: yes
configure:5439: checking for killpg
configure:5439: gcc -o conftest -g -O2  -I/home/cse4001/os161/toolbuild/bmake/missing -DNEED_HOST_CDEFS_H  conftest.c  >&5
configure:5439: $? = 0
configure:5439: result: yes
configure:5439: checking for putenv
configure:5439: gcc -o conftest -g -O2  -I/home/cse4001/os161/toolbuild/bmake/missing -DNEED_HOST_CDEFS_H  conftest.c  >&5
configure:5439: $? = 0
configure:5439: result: yes
configure:5439: checking for select
configure:5439: gcc -o conftest -g -O2  -I/home/cse4001/os161/toolbuild/bmake/missing -DNEED_HOST_CDEFS_H  conftest.c  >&5
configure:5439: $? = 0
configure:5439: result: yes
configure:5439: checking for setenv
configure:5439: gcc -o conftest -g -O2  -I/home/cse4001/os161/toolbuild/bmake/missing -DNEED_HOST_CDEFS_H  conftest.c  >&5
configure:5439: $? = 0
configure:5439: result: yes
configure:5439: checking for sigaction
configure:5439: gcc -o conftest -g -O2  -I/home/cse4001/os161/toolbuild/bmake/missing -DNEED_HOST_CDEFS_H  conftest.c  >&5
configure:5439: $? = 0
configure:5439: result: yes
configure:5439: checking for sigvec
configure:5439: gcc -o conftest -g -O2  -I/home/cse4001/os161/toolbuild/bmake/missing -DNEED_HOST_CDEFS_H  conftest.c  >&5
configure:5439: $? = 0
configure:5439: result: yes
configure:5439: checking for snprintf
configure:5439: gcc -o conftest -g -O2  -I/home/cse4001/os161/toolbuild/bmake/missing -DNEED_HOST_CDEFS_H  conftest.c  >&5
conftest.c:83:6: warning: conflicting types for built-in function 'snprintf' [enabled by default]
 char snprintf ();
      ^
configure:5439: $? = 0
configure:5439: result: yes
configure:5439: checking for strerror
configure:5439: gcc -o conftest -g -O2  -I/home/cse4001/os161/toolbuild/bmake/missing -DNEED_HOST_CDEFS_H  conftest.c  >&5
configure:5439: $? = 0
configure:5439: result: yes
configure:5439: checking for strftime
configure:5439: gcc -o conftest -g -O2  -I/home/cse4001/os161/toolbuild/bmake/missing -DNEED_HOST_CDEFS_H  conftest.c  >&5
conftest.c:85:6: warning: conflicting types for built-in function 'strftime' [enabled by default]
 char strftime ();
      ^
configure:5439: $? = 0
configure:5439: result: yes
configure:5439: checking for strsep
configure:5439: gcc -o conftest -g -O2  -I/home/cse4001/os161/toolbuild/bmake/missing -DNEED_HOST_CDEFS_H  conftest.c  >&5
configure:5439: $? = 0
configure:5439: result: yes
configure:5439: checking for strtod
configure:5439: gcc -o conftest -g -O2  -I/home/cse4001/os161/toolbuild/bmake/missing -DNEED_HOST_CDEFS_H  conftest.c  >&5
configure:5439: $? = 0
configure:5439: result: yes
configure:5439: checking for strtol
configure:5439: gcc -o conftest -g -O2  -I/home/cse4001/os161/toolbuild/bmake/missing -DNEED_HOST_CDEFS_H  conftest.c  >&5
configure:5439: $? = 0
configure:5439: result: yes
configure:5439: checking for unsetenv
configure:5439: gcc -o conftest -g -O2  -I/home/cse4001/os161/toolbuild/bmake/missing -DNEED_HOST_CDEFS_H  conftest.c  >&5
configure:5439: $? = 0
configure:5439: result: yes
configure:5439: checking for vsnprintf
configure:5439: gcc -o conftest -g -O2  -I/home/cse4001/os161/toolbuild/bmake/missing -DNEED_HOST_CDEFS_H  conftest.c  >&5
conftest.c:90:6: warning: conflicting types for built-in function 'vsnprintf' [enabled by default]
 char vsnprintf ();
      ^
configure:5439: $? = 0
configure:5439: result: yes
configure:5439: checking for wait3
configure:5439: gcc -o conftest -g -O2  -I/home/cse4001/os161/toolbuild/bmake/missing -DNEED_HOST_CDEFS_H  conftest.c  >&5
configure:5439: $? = 0
configure:5439: result: yes
configure:5439: checking for wait4
configure:5439: gcc -o conftest -g -O2  -I/home/cse4001/os161/toolbuild/bmake/missing -DNEED_HOST_CDEFS_H  conftest.c  >&5
configure:5439: $? = 0
configure:5439: result: yes
configure:5439: checking for waitpid
configure:5439: gcc -o conftest -g -O2  -I/home/cse4001/os161/toolbuild/bmake/missing -DNEED_HOST_CDEFS_H  conftest.c  >&5
configure:5439: $? = 0
configure:5439: result: yes
configure:5439: checking for warn
configure:5439: gcc -o conftest -g -O2  -I/home/cse4001/os161/toolbuild/bmake/missing -DNEED_HOST_CDEFS_H  conftest.c  >&5
configure:5439: $? = 0
configure:5439: result: yes
configure:5439: checking for warnx
configure:5439: gcc -o conftest -g -O2  -I/home/cse4001/os161/toolbuild/bmake/missing -DNEED_HOST_CDEFS_H  conftest.c  >&5
configure:5439: $? = 0
configure:5439: result: yes
configure:5459: checking for getenv
configure:5459: result: yes
configure:5459: checking for realpath
configure:5459: gcc -o conftest -g -O2  -I/home/cse4001/os161/toolbuild/bmake/missing -DNEED_HOST_CDEFS_H  conftest.c  >&5
configure:5459: $? = 0
configure:5459: result: yes
configure:5459: checking for dirname
configure:5459: gcc -o conftest -g -O2  -I/home/cse4001/os161/toolbuild/bmake/missing -DNEED_HOST_CDEFS_H  conftest.c  >&5
configure:5459: $? = 0
configure:5459: result: yes
configure:5459: checking for stresep
configure:5459: gcc -o conftest -g -O2  -I/home/cse4001/os161/toolbuild/bmake/missing -DNEED_HOST_CDEFS_H  conftest.c  >&5
/tmp/ccKnF9oE.o: In function `main':
/home/cse4001/os161/toolbuild/bmake/Linux/conftest.c:110: undefined reference to `stresep'
collect2: error: ld returned 1 exit status
configure:5459: $? = 1
configure: failed program was:
| /* confdefs.h */
| #define PACKAGE_NAME "bmake"
| #define PACKAGE_TARNAME "bmake"
| #define PACKAGE_VERSION "20100911"
| #define PACKAGE_STRING "bmake 20100911"
| #define PACKAGE_BUGREPORT "sjg@NetBSD.org"
| #define PACKAGE_URL ""
| #define STDC_HEADERS 1
| #define HAVE_SYS_TYPES_H 1
| #define HAVE_SYS_STAT_H 1
| #define HAVE_STDLIB_H 1
| #define HAVE_STRING_H 1
| #define HAVE_MEMORY_H 1
| #define HAVE_STRINGS_H 1
| #define HAVE_INTTYPES_H 1
| #define HAVE_STDINT_H 1
| #define HAVE_UNISTD_H 1
| #define __EXTENSIONS__ 1
| #define _ALL_SOURCE 1
| #define _GNU_SOURCE 1
| #define _POSIX_PTHREAD_SEMANTICS 1
| #define _TANDEM_SOURCE 1
| #define STDC_HEADERS 1
| #define HAVE_SYS_WAIT_H 1
| #define HAVE_DIRENT_H 1
| #define HAVE_AR_H 1
| #define HAVE_ERR_H 1
| #define HAVE_FCNTL_H 1
| #define HAVE_PATHS_H 1
| #define HAVE_POLL_H 1
| #define HAVE_STRING_H 1
| #define HAVE_SYS_SELECT_H 1
| #define HAVE_SYS_SOCKET_H 1
| #define HAVE_SYS_TIME_H 1
| #define HAVE_SYS_UIO_H 1
| #define HAVE_UNISTD_H 1
| #define HAVE_UTIME_H 1
| #define HAVE_DECL_SYS_SIGLIST 1
| #define TIME_WITH_SYS_TIME 1
| #define RETSIGTYPE void
| #define HAVE_FORK 1
| #define HAVE_VFORK 1
| #define HAVE_WORKING_VFORK 1
| #define HAVE_WORKING_FORK 1
| #define HAVE_VPRINTF 1
| #define HAVE_WAIT3 1
| #define HAVE_ERR 1
| #define HAVE_ERRX 1
| #define HAVE_GETCWD 1
| #define HAVE_GETENV 1
| #define HAVE_GETOPT 1
| #define HAVE_GETWD 1
| #define HAVE_KILLPG 1
| #define HAVE_PUTENV 1
| #define HAVE_SELECT 1
| #define HAVE_SETENV 1
| #define HAVE_SIGACTION 1
| #define HAVE_SIGVEC 1
| #define HAVE_SNPRINTF 1
| #define HAVE_STRERROR 1
| #define HAVE_STRFTIME 1
| #define HAVE_STRSEP 1
| #define HAVE_STRTOD 1
| #define HAVE_STRTOL 1
| #define HAVE_UNSETENV 1
| #define HAVE_VSNPRINTF 1
| #define HAVE_WAIT3 1
| #define HAVE_WAIT4 1
| #define HAVE_WAITPID 1
| #define HAVE_WARN 1
| #define HAVE_WARNX 1
| #define HAVE_GETENV 1
| #define HAVE_REALPATH 1
| #define HAVE_DIRNAME 1
| /* end confdefs.h.  */
| /* Define stresep to an innocuous variant, in case <limits.h> declares stresep.
|    For example, HP-UX 11i <limits.h> declares gettimeofday.  */
| #define stresep innocuous_stresep
| 
| /* System header to define __stub macros and hopefully few prototypes,
|     which can conflict with char stresep (); below.
|     Prefer <limits.h> to <assert.h> if __STDC__ is defined, since
|     <limits.h> exists even on freestanding compilers.  */
| 
| #ifdef __STDC__
| # include <limits.h>
| #else
| # include <assert.h>
| #endif
| 
| #undef stresep
| 
| /* Override any GCC internal prototype to avoid an error.
|    Use char because int might match the return type of a GCC
|    builtin and then its argument prototype would still apply.  */
| #ifdef __cplusplus
| extern "C"
| #endif
| char stresep ();
| /* The GNU C library defines this for functions which it implements
|     to always fail with ENOSYS.  Some functions are actually named
|     something starting with __ and the normal name is an alias.  */
| #if defined __stub_stresep || defined __stub___stresep
| choke me
| #endif
| 
| int
| main ()
| {
| return stresep ();
|   ;
|   return 0;
| }
configure:5459: result: no
configure:5459: checking for strlcpy
configure:5459: gcc -o conftest -g -O2  -I/home/cse4001/os161/toolbuild/bmake/missing -DNEED_HOST_CDEFS_H  conftest.c  >&5
/tmp/ccm1JNsK.o: In function `main':
/home/cse4001/os161/toolbuild/bmake/Linux/conftest.c:110: undefined reference to `strlcpy'
collect2: error: ld returned 1 exit status
configure:5459: $? = 1
configure: failed program was:
| /* confdefs.h */
| #define PACKAGE_NAME "bmake"
| #define PACKAGE_TARNAME "bmake"
| #define PACKAGE_VERSION "20100911"
| #define PACKAGE_STRING "bmake 20100911"
| #define PACKAGE_BUGREPORT "sjg@NetBSD.org"
| #define PACKAGE_URL ""
| #define STDC_HEADERS 1
| #define HAVE_SYS_TYPES_H 1
| #define HAVE_SYS_STAT_H 1
| #define HAVE_STDLIB_H 1
| #define HAVE_STRING_H 1
| #define HAVE_MEMORY_H 1
| #define HAVE_STRINGS_H 1
| #define HAVE_INTTYPES_H 1
| #define HAVE_STDINT_H 1
| #define HAVE_UNISTD_H 1
| #define __EXTENSIONS__ 1
| #define _ALL_SOURCE 1
| #define _GNU_SOURCE 1
| #define _POSIX_PTHREAD_SEMANTICS 1
| #define _TANDEM_SOURCE 1
| #define STDC_HEADERS 1
| #define HAVE_SYS_WAIT_H 1
| #define HAVE_DIRENT_H 1
| #define HAVE_AR_H 1
| #define HAVE_ERR_H 1
| #define HAVE_FCNTL_H 1
| #define HAVE_PATHS_H 1
| #define HAVE_POLL_H 1
| #define HAVE_STRING_H 1
| #define HAVE_SYS_SELECT_H 1
| #define HAVE_SYS_SOCKET_H 1
| #define HAVE_SYS_TIME_H 1
| #define HAVE_SYS_UIO_H 1
| #define HAVE_UNISTD_H 1
| #define HAVE_UTIME_H 1
| #define HAVE_DECL_SYS_SIGLIST 1
| #define TIME_WITH_SYS_TIME 1
| #define RETSIGTYPE void
| #define HAVE_FORK 1
| #define HAVE_VFORK 1
| #define HAVE_WORKING_VFORK 1
| #define HAVE_WORKING_FORK 1
| #define HAVE_VPRINTF 1
| #define HAVE_WAIT3 1
| #define HAVE_ERR 1
| #define HAVE_ERRX 1
| #define HAVE_GETCWD 1
| #define HAVE_GETENV 1
| #define HAVE_GETOPT 1
| #define HAVE_GETWD 1
| #define HAVE_KILLPG 1
| #define HAVE_PUTENV 1
| #define HAVE_SELECT 1
| #define HAVE_SETENV 1
| #define HAVE_SIGACTION 1
| #define HAVE_SIGVEC 1
| #define HAVE_SNPRINTF 1
| #define HAVE_STRERROR 1
| #define HAVE_STRFTIME 1
| #define HAVE_STRSEP 1
| #define HAVE_STRTOD 1
| #define HAVE_STRTOL 1
| #define HAVE_UNSETENV 1
| #define HAVE_VSNPRINTF 1
| #define HAVE_WAIT3 1
| #define HAVE_WAIT4 1
| #define HAVE_WAITPID 1
| #define HAVE_WARN 1
| #define HAVE_WARNX 1
| #define HAVE_GETENV 1
| #define HAVE_REALPATH 1
| #define HAVE_DIRNAME 1
| /* end confdefs.h.  */
| /* Define strlcpy to an innocuous variant, in case <limits.h> declares strlcpy.
|    For example, HP-UX 11i <limits.h> declares gettimeofday.  */
| #define strlcpy innocuous_strlcpy
| 
| /* System header to define __stub macros and hopefully few prototypes,
|     which can conflict with char strlcpy (); below.
|     Prefer <limits.h> to <assert.h> if __STDC__ is defined, since
|     <limits.h> exists even on freestanding compilers.  */
| 
| #ifdef __STDC__
| # include <limits.h>
| #else
| # include <assert.h>
| #endif
| 
| #undef strlcpy
| 
| /* Override any GCC internal prototype to avoid an error.
|    Use char because int might match the return type of a GCC
|    builtin and then its argument prototype would still apply.  */
| #ifdef __cplusplus
| extern "C"
| #endif
| char strlcpy ();
| /* The GNU C library defines this for functions which it implements
|     to always fail with ENOSYS.  Some functions are actually named
|     something starting with __ and the normal name is an alias.  */
| #if defined __stub_strlcpy || defined __stub___strlcpy
| choke me
| #endif
| 
| int
| main ()
| {
| return strlcpy ();
|   ;
|   return 0;
| }
configure:5459: result: no
configure:5478: checking for emalloc in -lutil
configure:5503: gcc -o conftest -g -O2  -I/home/cse4001/os161/toolbuild/bmake/missing -DNEED_HOST_CDEFS_H  conftest.c -lutil   >&5
/tmp/ccYkpVPL.o: In function `main':
/home/cse4001/os161/toolbuild/bmake/Linux/conftest.c:87: undefined reference to `emalloc'
collect2: error: ld returned 1 exit status
configure:5503: $? = 1
configure: failed program was:
| /* confdefs.h */
| #define PACKAGE_NAME "bmake"
| #define PACKAGE_TARNAME "bmake"
| #define PACKAGE_VERSION "20100911"
| #define PACKAGE_STRING "bmake 20100911"
| #define PACKAGE_BUGREPORT "sjg@NetBSD.org"
| #define PACKAGE_URL ""
| #define STDC_HEADERS 1
| #define HAVE_SYS_TYPES_H 1
| #define HAVE_SYS_STAT_H 1
| #define HAVE_STDLIB_H 1
| #define HAVE_STRING_H 1
| #define HAVE_MEMORY_H 1
| #define HAVE_STRINGS_H 1
| #define HAVE_INTTYPES_H 1
| #define HAVE_STDINT_H 1
| #define HAVE_UNISTD_H 1
| #define __EXTENSIONS__ 1
| #define _ALL_SOURCE 1
| #define _GNU_SOURCE 1
| #define _POSIX_PTHREAD_SEMANTICS 1
| #define _TANDEM_SOURCE 1
| #define STDC_HEADERS 1
| #define HAVE_SYS_WAIT_H 1
| #define HAVE_DIRENT_H 1
| #define HAVE_AR_H 1
| #define HAVE_ERR_H 1
| #define HAVE_FCNTL_H 1
| #define HAVE_PATHS_H 1
| #define HAVE_POLL_H 1
| #define HAVE_STRING_H 1
| #define HAVE_SYS_SELECT_H 1
| #define HAVE_SYS_SOCKET_H 1
| #define HAVE_SYS_TIME_H 1
| #define HAVE_SYS_UIO_H 1
| #define HAVE_UNISTD_H 1
| #define HAVE_UTIME_H 1
| #define HAVE_DECL_SYS_SIGLIST 1
| #define TIME_WITH_SYS_TIME 1
| #define RETSIGTYPE void
| #define HAVE_FORK 1
| #define HAVE_VFORK 1
| #define HAVE_WORKING_VFORK 1
| #define HAVE_WORKING_FORK 1
| #define HAVE_VPRINTF 1
| #define HAVE_WAIT3 1
| #define HAVE_ERR 1
| #define HAVE_ERRX 1
| #define HAVE_GETCWD 1
| #define HAVE_GETENV 1
| #define HAVE_GETOPT 1
| #define HAVE_GETWD 1
| #define HAVE_KILLPG 1
| #define HAVE_PUTENV 1
| #define HAVE_SELECT 1
| #define HAVE_SETENV 1
| #define HAVE_SIGACTION 1
| #define HAVE_SIGVEC 1
| #define HAVE_SNPRINTF 1
| #define HAVE_STRERROR 1
| #define HAVE_STRFTIME 1
| #define HAVE_STRSEP 1
| #define HAVE_STRTOD 1
| #define HAVE_STRTOL 1
| #define HAVE_UNSETENV 1
| #define HAVE_VSNPRINTF 1
| #define HAVE_WAIT3 1
| #define HAVE_WAIT4 1
| #define HAVE_WAITPID 1
| #define HAVE_WARN 1
| #define HAVE_WARNX 1
| #define HAVE_GETENV 1
| #define HAVE_REALPATH 1
| #define HAVE_DIRNAME 1
| /* end confdefs.h.  */
| 
| /* Override any GCC internal prototype to avoid an error.
|    Use char because int might match the return type of a GCC
|    builtin and then its argument prototype would still apply.  */
| #ifdef __cplusplus
| extern "C"
| #endif
| char emalloc ();
| int
| main ()
| {
| return emalloc ();
|   ;
|   return 0;
| }
configure:5512: result: no
configure:5637: checking whether stat file-mode macros are broken
configure:5664: gcc -c -g -O2  -I/home/cse4001/os161/toolbuild/bmake/missing -DNEED_HOST_CDEFS_H conftest.c >&5
configure:5664: $? = 0
configure:5671: result: no
configure:5679: checking for struct stat.st_rdev
configure:5679: gcc -c -g -O2  -I/home/cse4001/os161/toolbuild/bmake/missing -DNEED_HOST_CDEFS_H conftest.c >&5
configure:5679: $? = 0
configure:5679: result: yes
configure:5959: creating ./config.status

## ---------------------- ##
## Running config.status. ##
## ---------------------- ##

This file was extended by bmake config.status 20100911, which was
generated by GNU Autoconf 2.64.  Invocation command line was

  CONFIG_FILES    = 
  CONFIG_HEADERS  = 
  CONFIG_LINKS    = 
  CONFIG_COMMANDS = 
  $ ./config.status 

on cse4001

config.status:872: creating Makefile
config.status:872: creating make-bootstrap.sh
config.status:872: creating unit-tests/Makefile
config.status:872: creating config.h

## ---------------- ##
## Cache variables. ##
## ---------------- ##

ac_cv___attribute__=no
ac_cv_c_bigendian=no
ac_cv_c_compiler_gnu=yes
ac_cv_c_const=yes
ac_cv_env_CC_set=
ac_cv_env_CC_value=
ac_cv_env_CFLAGS_set=
ac_cv_env_CFLAGS_value=
ac_cv_env_CPPFLAGS_set=
ac_cv_env_CPPFLAGS_value=
ac_cv_env_CPP_set=
ac_cv_env_CPP_value=
ac_cv_env_LDFLAGS_set=
ac_cv_env_LDFLAGS_value=
ac_cv_env_LIBS_set=
ac_cv_env_LIBS_value=
ac_cv_env_build_alias_set=
ac_cv_env_build_alias_value=
ac_cv_env_host_alias_set=
ac_cv_env_host_alias_value=
ac_cv_env_target_alias_set=
ac_cv_env_target_alias_value=
ac_cv_func__doprnt=no
ac_cv_func_dirname=yes
ac_cv_func_err=yes
ac_cv_func_errx=yes
ac_cv_func_fork=yes
ac_cv_func_fork_works=yes
ac_cv_func_getcwd=yes
ac_cv_func_getenv=yes
ac_cv_func_getopt=yes
ac_cv_func_getwd=yes
ac_cv_func_killpg=yes
ac_cv_func_putenv=yes
ac_cv_func_realpath=yes
ac_cv_func_select=yes
ac_cv_func_setenv=yes
ac_cv_func_sigaction=yes
ac_cv_func_sigvec=yes
ac_cv_func_snprintf=yes
ac_cv_func_strerror=yes
ac_cv_func_stresep=no
ac_cv_func_strftime=yes
ac_cv_func_strlcpy=no
ac_cv_func_strsep=yes
ac_cv_func_strtod=yes
ac_cv_func_strtol=yes
ac_cv_func_unsetenv=yes
ac_cv_func_vfork=yes
ac_cv_func_vfork_works=yes
ac_cv_func_vprintf=yes
ac_cv_func_vsnprintf=yes
ac_cv_func_wait3=yes
ac_cv_func_wait3_rusage=yes
ac_cv_func_wait4=yes
ac_cv_func_waitpid=yes
ac_cv_func_warn=yes
ac_cv_func_warnx=yes
ac_cv_have_decl_sys_siglist=yes
ac_cv_header_ar_h=yes
ac_cv_header_dirent_dirent_h=yes
ac_cv_header_err_h=yes
ac_cv_header_fcntl_h=yes
ac_cv_header_inttypes_h=yes
ac_cv_header_memory_h=yes
ac_cv_header_minix_config_h=no
ac_cv_header_paths_h=yes
ac_cv_header_poll_h=yes
ac_cv_header_ranlib_h=no
ac_cv_header_stat_broken=no
ac_cv_header_stdc=yes
ac_cv_header_stdint_h=yes
ac_cv_header_stdlib_h=yes
ac_cv_header_string_h=yes
ac_cv_header_strings_h=yes
ac_cv_header_sys_cdefs_h=yes
ac_cv_header_sys_select_h=yes
ac_cv_header_sys_socket_h=yes
ac_cv_header_sys_stat_h=yes
ac_cv_header_sys_time_h=yes
ac_cv_header_sys_types_h=yes
ac_cv_header_sys_uio_h=yes
ac_cv_header_sys_wait_h=yes
ac_cv_header_time=yes
ac_cv_header_unistd_h=yes
ac_cv_header_utime_h=yes
ac_cv_header_vfork_h=no
ac_cv_lib_util_emalloc=no
ac_cv_member_struct_stat_st_rdev=yes
ac_cv_objext=o
ac_cv_path_EGREP='/bin/grep -E'
ac_cv_path_GREP=/bin/grep
ac_cv_path_install='/usr/bin/install -c'
ac_cv_prog_CPP='gcc -E'
ac_cv_prog_ac_ct_CC=gcc
ac_cv_prog_cc_c89=
ac_cv_prog_cc_g=yes
ac_cv_prog_gcc_traditional=no
ac_cv_safe_to_define___extensions__=yes
ac_cv_search_opendir='none required'
ac_cv_struct_tm=time.h
ac_cv_type_off_t=yes
ac_cv_type_pid_t=yes
ac_cv_type_signal=void
ac_cv_type_size_t=yes

## ----------------- ##
## Output variables. ##
## ----------------- ##

CC='gcc'
CFLAGS='-g -O2'
CPP='gcc -E'
CPPFLAGS=' -I/home/cse4001/os161/toolbuild/bmake/missing -DNEED_HOST_CDEFS_H'
DEFS='-DHAVE_CONFIG_H'
ECHO_C=''
ECHO_N='-n'
ECHO_T=''
EGREP='/bin/grep -E'
EXEEXT=''
GCC='yes'
GREP='/bin/grep'
INSTALL='/usr/bin/install -c'
INSTALL_DATA='${INSTALL} -m 644'
INSTALL_PROGRAM='${INSTALL}'
INSTALL_SCRIPT='${INSTALL}'
LDFLAGS=''
LIBOBJS=' ${LIBOBJDIR}stresep$U.o ${LIBOBJDIR}strlcpy$U.o'
LIBS=''
LTLIBOBJS=' ${LIBOBJDIR}stresep$U.lo ${LIBOBJDIR}strlcpy$U.lo'
OBJEXT='o'
PACKAGE_BUGREPORT='sjg@NetBSD.org'
PACKAGE_NAME='bmake'
PACKAGE_STRING='bmake 20100911'
PACKAGE_TARNAME='bmake'
PACKAGE_URL=''
PACKAGE_VERSION='20100911'
PATH_SEPARATOR=':'
SHELL='/bin/bash'
ac_ct_CC='gcc'
ac_exe_suffix=''
bindir='${exec_prefix}/bin'
build_alias=''
datadir='${datarootdir}'
datarootdir='${prefix}/share'
default_sys_path='/home/cse4001/os161/tools/share/mk'
diff_u='-u'
docdir='${datarootdir}/doc/${PACKAGE_TARNAME}'
dvidir='${docdir}'
exec_prefix='${prefix}'
filemon_h='no'
force_machine=''
host_alias=''
htmldir='${docdir}'
includedir='${prefix}/include'
infodir='${datarootdir}/info'
libdir='${exec_prefix}/lib'
libexecdir='${exec_prefix}/libexec'
localedir='${datarootdir}/locale'
localstatedir='${prefix}/var'
machine='linux3'
machine_arch='x86_64'
mandir='${datarootdir}/man'
mksrc='${srcdir}/mk'
oldincludedir='/usr/include'
pdfdir='${docdir}'
prefix='/home/cse4001/os161/tools'
program_transform_name='s,x,x,'
psdir='${docdir}'
sbindir='${exec_prefix}/sbin'
sharedstatedir='${prefix}/com'
sysconfdir='${prefix}/etc'
target_alias=''
use_meta='yes'

## ----------- ##
## confdefs.h. ##
## ----------- ##

/* confdefs.h */
#define PACKAGE_NAME "bmake"
#define PACKAGE_TARNAME "bmake"
#define PACKAGE_VERSION "20100911"
#define PACKAGE_STRING "bmake 20100911"
#define PACKAGE_BUGREPORT "sjg@NetBSD.org"
#define PACKAGE_URL ""
#define STDC_HEADERS 1
#define HAVE_SYS_TYPES_H 1
#define HAVE_SYS_STAT_H 1
#define HAVE_STDLIB_H 1
#define HAVE_STRING_H 1
#define HAVE_MEMORY_H 1
#define HAVE_STRINGS_H 1
#define HAVE_INTTYPES_H 1
#define HAVE_STDINT_H 1
#define HAVE_UNISTD_H 1
#define __EXTENSIONS__ 1
#define _ALL_SOURCE 1
#define _GNU_SOURCE 1
#define _POSIX_PTHREAD_SEMANTICS 1
#define _TANDEM_SOURCE 1
#define STDC_HEADERS 1
#define HAVE_SYS_WAIT_H 1
#define HAVE_DIRENT_H 1
#define HAVE_AR_H 1
#define HAVE_ERR_H 1
#define HAVE_FCNTL_H 1
#define HAVE_PATHS_H 1
#define HAVE_POLL_H 1
#define HAVE_STRING_H 1
#define HAVE_SYS_SELECT_H 1
#define HAVE_SYS_SOCKET_H 1
#define HAVE_SYS_TIME_H 1
#define HAVE_SYS_UIO_H 1
#define HAVE_UNISTD_H 1
#define HAVE_UTIME_H 1
#define HAVE_DECL_SYS_SIGLIST 1
#define TIME_WITH_SYS_TIME 1
#define RETSIGTYPE void
#define HAVE_FORK 1
#define HAVE_VFORK 1
#define HAVE_WORKING_VFORK 1
#define HAVE_WORKING_FORK 1
#define HAVE_VPRINTF 1
#define HAVE_WAIT3 1
#define HAVE_ERR 1
#define HAVE_ERRX 1
#define HAVE_GETCWD 1
#define HAVE_GETENV 1
#define HAVE_GETOPT 1
#define HAVE_GETWD 1
#define HAVE_KILLPG 1
#define HAVE_PUTENV 1
#define HAVE_SELECT 1
#define HAVE_SETENV 1
#define HAVE_SIGACTION 1
#define HAVE_SIGVEC 1
#define HAVE_SNPRINTF 1
#define HAVE_STRERROR 1
#define HAVE_STRFTIME 1
#define HAVE_STRSEP 1
#define HAVE_STRTOD 1
#define HAVE_STRTOL 1
#define HAVE_UNSETENV 1
#define HAVE_VSNPRINTF 1
#define HAVE_WAIT3 1
#define HAVE_WAIT4 1
#define HAVE_WAITPID 1
#define HAVE_WARN 1
#define HAVE_WARNX 1
#define HAVE_GETENV 1
#define HAVE_REALPATH 1
#define HAVE_DIRNAME 1
#define HAVE_STRUCT_STAT_ST_RDEV 1
#define HAVE_ST_RDEV 1

configure: exit 0
